Loaded yml FilePath: rules\alert-rules\hayabusa\PowershellOperational\400_T1562.010_PowershellV2DowngradeAttack.yml
Loaded yml FilePath: rules\alert-rules\hayabusa\PowershellOperational\4103_T1059_PowershellExecutionPipeline.yml
Loaded yml FilePath: rules\alert-rules\hayabusa\Security\1102_T1070.001_SecurityLogCleared.yml
Loaded yml FilePath: rules\alert-rules\hayabusa\Security\4673.yml
Loaded yml FilePath: rules\alert-rules\hayabusa\Security\4674.yml
Loaded yml FilePath: rules\alert-rules\hayabusa\Security\4720_T1136.001_LocalComputerAccountCreated.yml
Loaded yml FilePath: rules\alert-rules\hayabusa\Security\4720_T1136.001_LocalUserAccountCreated.yml
Loaded yml FilePath: rules\alert-rules\hayabusa\Security\4728.yml
Loaded yml FilePath: rules\alert-rules\hayabusa\Security\4732.yml
Loaded yml FilePath: rules\alert-rules\hayabusa\Security\4756.yml
Loaded yml FilePath: rules\alert-rules\hayabusa\Security\4768_T1558.003_Kerberoasting.yml
Loaded yml FilePath: rules\alert-rules\hayabusa\Security\4768_T1558.004_AS-REP-Roasting.yml
Loaded yml FilePath: rules\alert-rules\hayabusa\Sysmon\1.yml
Loaded yml FilePath: rules\alert-rules\hayabusa\Sysmon\7.yml
Loaded yml FilePath: rules\alert-rules\hayabusa\System\104_T1070.001_SystemLogCleared.yml
Loaded yml FilePath: rules\alert-rules\hayabusa\System\7030.yml
Loaded yml FilePath: rules\alert-rules\hayabusa\System\7040.yml
Loaded yml FilePath: rules\alert-rules\hayabusa\System\7045.yml
Loaded yml FilePath: rules\alert-rules\sigma\av_exploiting.yml
Loaded yml FilePath: rules\alert-rules\sigma\av_hacktool.yml
Loaded yml FilePath: rules\alert-rules\sigma\av_password_dumper.yml
Loaded yml FilePath: rules\alert-rules\sigma\av_printernightmare_cve_2021_34527.yml
Loaded yml FilePath: rules\alert-rules\sigma\av_relevant_files.yml
Loaded yml FilePath: rules\alert-rules\sigma\av_webshell.yml
Loaded yml FilePath: rules\alert-rules\sigma\dns_net_mal_cobaltstrike.yml
Loaded yml FilePath: rules\alert-rules\sigma\dns_net_susp_ipify.yml
Loaded yml FilePath: rules\alert-rules\sigma\dns_query_hybridconnectionmgr_servicebus.yml
Loaded yml FilePath: rules\alert-rules\sigma\dns_query_mega_nz.yml
Loaded yml FilePath: rules\alert-rules\sigma\dns_query_possible_dns_rebinding.yml
Loaded yml FilePath: rules\alert-rules\sigma\dns_query_regsvr32_network_activity.yml
Loaded yml FilePath: rules\alert-rules\sigma\driver_load_mal_creddumper.yml
Loaded yml FilePath: rules\alert-rules\sigma\driver_load_meterpreter_or_cobaltstrike_getsystem_service_installation.yml
Loaded yml FilePath: rules\alert-rules\sigma\driver_load_powershell_script_installed_as_service.yml
Loaded yml FilePath: rules\alert-rules\sigma\driver_load_susp_temp_use.yml
Loaded yml FilePath: rules\alert-rules\sigma\driver_load_vuln_dell_driver.yml
Loaded yml FilePath: rules\alert-rules\sigma\driver_load_windivert.yml
Loaded yml FilePath: rules\alert-rules\sigma\edr_command_execution_by_office_applications.yml
Loaded yml FilePath: rules\alert-rules\sigma\file_event_advanced_ip_scanner.yml
Loaded yml FilePath: rules\alert-rules\sigma\file_event_apt_unidentified_nov_18.yml
Loaded yml FilePath: rules\alert-rules\sigma\file_event_cve_2021_31979_cve_2021_33771_exploits.yml
Loaded yml FilePath: rules\alert-rules\sigma\file_event_hack_dumpert.yml
Loaded yml FilePath: rules\alert-rules\sigma\file_event_hktl_createminidump.yml
Loaded yml FilePath: rules\alert-rules\sigma\file_event_mal_adwind.yml
Loaded yml FilePath: rules\alert-rules\sigma\file_event_mal_octopus_scanner.yml
Loaded yml FilePath: rules\alert-rules\sigma\file_event_mal_vhd_download.yml
Loaded yml FilePath: rules\alert-rules\sigma\file_event_mimikatz_kirbi_file_creation.yml
Loaded yml FilePath: rules\alert-rules\sigma\file_event_moriya_rootkit.yml
Loaded yml FilePath: rules\alert-rules\sigma\file_event_pingback_backdoor.yml
Loaded yml FilePath: rules\alert-rules\sigma\file_event_script_creation_by_office_using_file_ext.yml
Loaded yml FilePath: rules\alert-rules\sigma\file_event_tool_psexec.yml
Loaded yml FilePath: rules\alert-rules\sigma\file_event_uac_bypass_winsat.yml
Loaded yml FilePath: rules\alert-rules\sigma\file_event_uac_bypass_wmp.yml
Loaded yml FilePath: rules\alert-rules\sigma\file_event_winrm_awl_bypass.yml
Loaded yml FilePath: rules\alert-rules\sigma\file_event_wmiprvse_wbemcomn_dll_hijack.yml
Loaded yml FilePath: rules\alert-rules\sigma\image_load_pingback_backdoor.yml
Loaded yml FilePath: rules\alert-rules\sigma\image_load_silenttrinity_stage_use.yml
Loaded yml FilePath: rules\alert-rules\sigma\image_load_wmiprvse_wbemcomn_dll_hijack.yml
Loaded yml FilePath: rules\alert-rules\sigma\pipe_created_tool_psexec.yml
Loaded yml FilePath: rules\alert-rules\sigma\powershell_accessing_win_api.yml
Loaded yml FilePath: rules\alert-rules\sigma\powershell_adrecon_execution.yml
Loaded yml FilePath: rules\alert-rules\sigma\powershell_alternate_powershell_hosts.yml
Loaded yml FilePath: rules\alert-rules\sigma\powershell_automated_collection.yml
Loaded yml FilePath: rules\alert-rules\sigma\powershell_azurehound_commands.yml
Loaded yml FilePath: rules\alert-rules\sigma\powershell_bad_opsec_artifacts.yml
Loaded yml FilePath: rules\alert-rules\sigma\powershell_classic_alternate_powershell_hosts.yml
Loaded yml FilePath: rules\alert-rules\sigma\powershell_classic_powercat.yml
Loaded yml FilePath: rules\alert-rules\sigma\powershell_classic_remote_powershell_session.yml
Loaded yml FilePath: rules\alert-rules\sigma\powershell_classic_suspicious_download.yml
Loaded yml FilePath: rules\alert-rules\sigma\powershell_classic_susp_athremotefxvgpudisablementcommand.yml
Loaded yml FilePath: rules\alert-rules\sigma\powershell_classic_susp_zip_compress.yml
Loaded yml FilePath: rules\alert-rules\sigma\powershell_clear_powershell_history.yml
Loaded yml FilePath: rules\alert-rules\sigma\powershell_cl_invocation_lolscript.yml
Loaded yml FilePath: rules\alert-rules\sigma\powershell_cl_invocation_lolscript_count.yml
Loaded yml FilePath: rules\alert-rules\sigma\powershell_cl_mutexverifiers_lolscript.yml
Loaded yml FilePath: rules\alert-rules\sigma\powershell_cl_mutexverifiers_lolscript_count.yml
Loaded yml FilePath: rules\alert-rules\sigma\powershell_create_local_user.yml
Loaded yml FilePath: rules\alert-rules\sigma\powershell_data_compressed.yml
Loaded yml FilePath: rules\alert-rules\sigma\powershell_decompress_commands.yml
Loaded yml FilePath: rules\alert-rules\sigma\powershell_delete_volume_shadow_copies.yml
Loaded yml FilePath: rules\alert-rules\sigma\powershell_detect_vm_env.yml
Loaded yml FilePath: rules\alert-rules\sigma\powershell_dnscat_execution.yml
Loaded yml FilePath: rules\alert-rules\sigma\powershell_downgrade_attack.yml
Loaded yml FilePath: rules\alert-rules\sigma\powershell_exe_calling_ps.yml
Loaded yml FilePath: rules\alert-rules\sigma\powershell_get_clipboard.yml
Loaded yml FilePath: rules\alert-rules\sigma\powershell_icmp_exfiltration.yml
Loaded yml FilePath: rules\alert-rules\sigma\powershell_invoke_nightmare.yml
Loaded yml FilePath: rules\alert-rules\sigma\powershell_invoke_obfuscation_clip.yml
Loaded yml FilePath: rules\alert-rules\sigma\powershell_invoke_obfuscation_clip_in_scriptblocktext.yml
Loaded yml FilePath: rules\alert-rules\sigma\powershell_invoke_obfuscation_obfuscated_iex.yml
Loaded yml FilePath: rules\alert-rules\sigma\powershell_invoke_obfuscation_obfuscated_iex_in_scriptblocktext.yml
Loaded yml FilePath: rules\alert-rules\sigma\powershell_invoke_obfuscation_stdin.yml
Loaded yml FilePath: rules\alert-rules\sigma\powershell_invoke_obfuscation_stdin_in_scriptblocktext.yml
Loaded yml FilePath: rules\alert-rules\sigma\powershell_invoke_obfuscation_var.yml
Loaded yml FilePath: rules\alert-rules\sigma\powershell_invoke_obfuscation_var_in_scriptblocktext.yml
Loaded yml FilePath: rules\alert-rules\sigma\powershell_invoke_obfuscation_via_compress.yml
Loaded yml FilePath: rules\alert-rules\sigma\powershell_invoke_obfuscation_via_compress_in_scriptblocktext.yml
Loaded yml FilePath: rules\alert-rules\sigma\powershell_invoke_obfuscation_via_rundll.yml
Loaded yml FilePath: rules\alert-rules\sigma\powershell_invoke_obfuscation_via_rundll_in_scriptblocktext.yml
Loaded yml FilePath: rules\alert-rules\sigma\powershell_invoke_obfuscation_via_stdin.yml
Loaded yml FilePath: rules\alert-rules\sigma\powershell_invoke_obfuscation_via_stdin_in_scriptblocktext.yml
Loaded yml FilePath: rules\alert-rules\sigma\powershell_invoke_obfuscation_via_use_clip.yml
Loaded yml FilePath: rules\alert-rules\sigma\powershell_invoke_obfuscation_via_use_clip_in_scriptblocktext.yml
Loaded yml FilePath: rules\alert-rules\sigma\powershell_invoke_obfuscation_via_use_mhsta.yml
Loaded yml FilePath: rules\alert-rules\sigma\powershell_invoke_obfuscation_via_use_mhsta_in_scriptblocktext.yml
Loaded yml FilePath: rules\alert-rules\sigma\powershell_invoke_obfuscation_via_use_rundll32.yml
Loaded yml FilePath: rules\alert-rules\sigma\powershell_invoke_obfuscation_via_use_rundll32_in_scriptblocktext.yml
Loaded yml FilePath: rules\alert-rules\sigma\powershell_invoke_obfuscation_via_var.yml
Loaded yml FilePath: rules\alert-rules\sigma\powershell_invoke_obfuscation_via_var_in_scriptblocktext.yml
Loaded yml FilePath: rules\alert-rules\sigma\powershell_keylogging.yml
Loaded yml FilePath: rules\alert-rules\sigma\powershell_malicious_commandlets.yml
Loaded yml FilePath: rules\alert-rules\sigma\powershell_malicious_keywords.yml
Loaded yml FilePath: rules\alert-rules\sigma\powershell_memorydump_getstoragediagnosticinfo.yml
Loaded yml FilePath: rules\alert-rules\sigma\powershell_nishang_malicious_commandlets.yml
Loaded yml FilePath: rules\alert-rules\sigma\powershell_ntfs_ads_access.yml
Loaded yml FilePath: rules\alert-rules\sigma\powershell_powercat.yml
Loaded yml FilePath: rules\alert-rules\sigma\powershell_powerview_malicious_commandlets.yml
Loaded yml FilePath: rules\alert-rules\sigma\powershell_prompt_credentials.yml
Loaded yml FilePath: rules\alert-rules\sigma\powershell_psattack.yml
Loaded yml FilePath: rules\alert-rules\sigma\powershell_remote_powershell_session.yml
Loaded yml FilePath: rules\alert-rules\sigma\powershell_renamed_powershell.yml
Loaded yml FilePath: rules\alert-rules\sigma\powershell_set_policies_to_unsecure_level.yml
Loaded yml FilePath: rules\alert-rules\sigma\powershell_shellcode_b64.yml
Loaded yml FilePath: rules\alert-rules\sigma\powershell_shellintel_malicious_commandlets.yml
Loaded yml FilePath: rules\alert-rules\sigma\powershell_software_discovery.yml
Loaded yml FilePath: rules\alert-rules\sigma\powershell_store_file_in_alternate_data_stream.yml
Loaded yml FilePath: rules\alert-rules\sigma\powershell_suspicious_download.yml
Loaded yml FilePath: rules\alert-rules\sigma\powershell_suspicious_download_in_contextinfo.yml
Loaded yml FilePath: rules\alert-rules\sigma\powershell_suspicious_download_in_scriptblocktext.yml
Loaded yml FilePath: rules\alert-rules\sigma\powershell_suspicious_export_pfxcertificate.yml
Loaded yml FilePath: rules\alert-rules\sigma\powershell_suspicious_getprocess_lsass.yml
Loaded yml FilePath: rules\alert-rules\sigma\powershell_suspicious_invocation_generic.yml
Loaded yml FilePath: rules\alert-rules\sigma\powershell_suspicious_invocation_generic_in_contextinfo.yml
Loaded yml FilePath: rules\alert-rules\sigma\powershell_suspicious_invocation_generic_in_scriptblocktext.yml
Loaded yml FilePath: rules\alert-rules\sigma\powershell_suspicious_invocation_specific.yml
Loaded yml FilePath: rules\alert-rules\sigma\powershell_suspicious_invocation_specific_in_contextinfo.yml
Loaded yml FilePath: rules\alert-rules\sigma\powershell_suspicious_invocation_specific_in_scripblocktext.yml
Loaded yml FilePath: rules\alert-rules\sigma\powershell_suspicious_keywords.yml
Loaded yml FilePath: rules\alert-rules\sigma\powershell_suspicious_mail_acces.yml
Loaded yml FilePath: rules\alert-rules\sigma\powershell_suspicious_mounted_share_deletion.yml
Loaded yml FilePath: rules\alert-rules\sigma\powershell_suspicious_recon.yml
Loaded yml FilePath: rules\alert-rules\sigma\powershell_suspicious_win32_pnpentity.yml
Loaded yml FilePath: rules\alert-rules\sigma\powershell_suspicious_windowstyle.yml
Loaded yml FilePath: rules\alert-rules\sigma\powershell_susp_athremotefxvgpudisablementcommand.yml
Loaded yml FilePath: rules\alert-rules\sigma\powershell_susp_zip_compress.yml
Loaded yml FilePath: rules\alert-rules\sigma\powershell_susp_zip_compress_in_scriptblocktext.yml
Loaded yml FilePath: rules\alert-rules\sigma\powershell_syncappvpublishingserver_exe.yml
Loaded yml FilePath: rules\alert-rules\sigma\powershell_syncappvpublishingserver_exe_in_contextinfo.yml
Loaded yml FilePath: rules\alert-rules\sigma\powershell_syncappvpublishingserver_exe_in_scriptblocktext.yml
Loaded yml FilePath: rules\alert-rules\sigma\powershell_tamper_with_windows_defender.yml
Loaded yml FilePath: rules\alert-rules\sigma\powershell_timestomp.yml
Loaded yml FilePath: rules\alert-rules\sigma\powershell_trigger_profiles.yml
Loaded yml FilePath: rules\alert-rules\sigma\powershell_web_request.yml
Loaded yml FilePath: rules\alert-rules\sigma\powershell_windows_firewall_profile_disabled.yml
Loaded yml FilePath: rules\alert-rules\sigma\powershell_winlogon_helper_dll.yml
Loaded yml FilePath: rules\alert-rules\sigma\powershell_wmimplant.yml
Loaded yml FilePath: rules\alert-rules\sigma\powershell_wmi_persistence.yml
Loaded yml FilePath: rules\alert-rules\sigma\powershell_wsman_com_provider_no_powershell.yml
Loaded yml FilePath: rules\alert-rules\sigma\powershell_xor_commandline.yml
Loaded yml FilePath: rules\alert-rules\sigma\process_creationn_apt_chafer_mar18.yml
Loaded yml FilePath: rules\alert-rules\sigma\process_creation_abusing_windows_telemetry_for_persistence.yml
Loaded yml FilePath: rules\alert-rules\sigma\process_creation_advanced_ip_scanner.yml
Loaded yml FilePath: rules\alert-rules\sigma\process_creation_alternate_data_streams.yml
Loaded yml FilePath: rules\alert-rules\sigma\process_creation_apt_gallium.yml
Loaded yml FilePath: rules\alert-rules\sigma\process_creation_apt_gallium_sha1.yml
Loaded yml FilePath: rules\alert-rules\sigma\process_creation_apt_pandemic.yml
Loaded yml FilePath: rules\alert-rules\sigma\process_creation_apt_slingshot.yml
Loaded yml FilePath: rules\alert-rules\sigma\process_creation_apt_turla_commands_critical.yml
Loaded yml FilePath: rules\alert-rules\sigma\process_creation_apt_wocao.yml
Loaded yml FilePath: rules\alert-rules\sigma\process_creation_automated_collection.yml
Loaded yml FilePath: rules\alert-rules\sigma\process_creation_c3_load_by_rundll32.yml
Loaded yml FilePath: rules\alert-rules\sigma\process_creation_certoc_execution.yml
Loaded yml FilePath: rules\alert-rules\sigma\process_creation_clip.yml
Loaded yml FilePath: rules\alert-rules\sigma\process_creation_cobaltstrike_load_by_rundll32.yml
Loaded yml FilePath: rules\alert-rules\sigma\process_creation_conti_cmd_ransomware.yml
Loaded yml FilePath: rules\alert-rules\sigma\process_creation_coti_sqlcmd.yml
Loaded yml FilePath: rules\alert-rules\sigma\process_creation_discover_private_keys.yml
Loaded yml FilePath: rules\alert-rules\sigma\process_creation_dns_serverlevelplugindll.yml
Loaded yml FilePath: rules\alert-rules\sigma\process_creation_dotnet.yml
Loaded yml FilePath: rules\alert-rules\sigma\process_creation_hack_dumpert.yml
Loaded yml FilePath: rules\alert-rules\sigma\process_creation_infdefaultinstall.yml
Loaded yml FilePath: rules\alert-rules\sigma\process_creation_lolbas_data_exfiltration_by_using_datasvcutil.yml
Loaded yml FilePath: rules\alert-rules\sigma\process_creation_lolbins_by_office_applications.yml
Loaded yml FilePath: rules\alert-rules\sigma\process_creation_lolbins_suspicious_driver_installed_by_pnputil.yml
Loaded yml FilePath: rules\alert-rules\sigma\process_creation_lolbins_with_wmiprvse_parent_process.yml
Loaded yml FilePath: rules\alert-rules\sigma\process_creation_mal_blue_mockingbird.yml
Loaded yml FilePath: rules\alert-rules\sigma\process_creation_mal_darkside_ransomware.yml
Loaded yml FilePath: rules\alert-rules\sigma\process_creation_mal_lockergoga_ransomware.yml
Loaded yml FilePath: rules\alert-rules\sigma\process_creation_mal_ryuk.yml
Loaded yml FilePath: rules\alert-rules\sigma\process_creation_msdeploy.yml
Loaded yml FilePath: rules\alert-rules\sigma\process_creation_office_applications_spawning_wmi_commandline.yml
Loaded yml FilePath: rules\alert-rules\sigma\process_creation_office_from_proxy_executing_regsvr32_payload.yml
Loaded yml FilePath: rules\alert-rules\sigma\process_creation_office_from_proxy_executing_regsvr32_payload2.yml
Loaded yml FilePath: rules\alert-rules\sigma\process_creation_office_spawning_wmi_commandline.yml
Loaded yml FilePath: rules\alert-rules\sigma\process_creation_pingback_backdoor.yml
Loaded yml FilePath: rules\alert-rules\sigma\process_creation_protocolhandler_suspicious_file.yml
Loaded yml FilePath: rules\alert-rules\sigma\process_creation_root_certificate_installed.yml
Loaded yml FilePath: rules\alert-rules\sigma\process_creation_sdelete.yml
Loaded yml FilePath: rules\alert-rules\sigma\process_creation_software_discovery.yml
Loaded yml FilePath: rules\alert-rules\sigma\process_creation_stickykey_like_backdoor.yml
Loaded yml FilePath: rules\alert-rules\sigma\process_creation_stordiag_execution.yml
Loaded yml FilePath: rules\alert-rules\sigma\process_creation_susp_7z.yml
Loaded yml FilePath: rules\alert-rules\sigma\process_creation_susp_athremotefxvgpudisablementcommand.yml
Loaded yml FilePath: rules\alert-rules\sigma\process_creation_susp_del.yml
Loaded yml FilePath: rules\alert-rules\sigma\process_creation_susp_recon.yml
Loaded yml FilePath: rules\alert-rules\sigma\process_creation_susp_web_request_cmd.yml
Loaded yml FilePath: rules\alert-rules\sigma\process_creation_susp_winzip.yml
Loaded yml FilePath: rules\alert-rules\sigma\process_creation_susp_zip_compress.yml
Loaded yml FilePath: rules\alert-rules\sigma\process_creation_syncappvpublishingserver_exe.yml
Loaded yml FilePath: rules\alert-rules\sigma\process_creation_syncappvpublishingserver_execute_arbitrary_powershell.yml
Loaded yml FilePath: rules\alert-rules\sigma\process_creation_syncappvpublishingserver_vbs_execute_powershell.yml
Loaded yml FilePath: rules\alert-rules\sigma\process_creation_sysinternals_eula_accepted.yml
Loaded yml FilePath: rules\alert-rules\sigma\process_creation_sysmon_uac_bypass_eventvwr.yml
Loaded yml FilePath: rules\alert-rules\sigma\process_creation_tool_psexec.yml
Loaded yml FilePath: rules\alert-rules\sigma\process_creation_tttracer_mod_load.yml
Loaded yml FilePath: rules\alert-rules\sigma\process_creation_win_exchange_transportagent.yml
Loaded yml FilePath: rules\alert-rules\sigma\process_mailboxexport_share.yml
Loaded yml FilePath: rules\alert-rules\sigma\process_susp_esentutl_params.yml
Loaded yml FilePath: rules\alert-rules\sigma\registry_event_abusing_windows_telemetry_for_persistence.yml
Loaded yml FilePath: rules\alert-rules\sigma\registry_event_apt_chafer_mar18.yml
Loaded yml FilePath: rules\alert-rules\sigma\registry_event_apt_pandemic.yml
Loaded yml FilePath: rules\alert-rules\sigma\registry_event_cve_2021_31979_cve_2021_33771_exploits.yml
Loaded yml FilePath: rules\alert-rules\sigma\registry_event_defender_disabled.yml
Loaded yml FilePath: rules\alert-rules\sigma\registry_event_defender_exclusions.yml
Loaded yml FilePath: rules\alert-rules\sigma\registry_event_defender_realtime_protection_disabled.yml
Loaded yml FilePath: rules\alert-rules\sigma\registry_event_dns_serverlevelplugindll.yml
Loaded yml FilePath: rules\alert-rules\sigma\registry_event_mal_adwind.yml
Loaded yml FilePath: rules\alert-rules\sigma\registry_event_mal_azorult.yml
Loaded yml FilePath: rules\alert-rules\sigma\registry_event_mal_blue_mockingbird.yml
Loaded yml FilePath: rules\alert-rules\sigma\registry_event_mal_flowcloud.yml
Loaded yml FilePath: rules\alert-rules\sigma\registry_event_mal_netwire.yml
Loaded yml FilePath: rules\alert-rules\sigma\registry_event_mal_ursnif.yml
Loaded yml FilePath: rules\alert-rules\sigma\registry_event_mstsc_history_cleared.yml
Loaded yml FilePath: rules\alert-rules\sigma\registry_event_net_ntlm_downgrade.yml
Loaded yml FilePath: rules\alert-rules\sigma\registry_event_stickykey_like_backdoor.yml
Loaded yml FilePath: rules\alert-rules\sigma\registry_event_sysinternals_eula_accepted.yml
Loaded yml FilePath: rules\alert-rules\sigma\registry_event_uac_bypass_eventvwr.yml
Loaded yml FilePath: rules\alert-rules\sigma\registry_event_uac_bypass_winsat.yml
Loaded yml FilePath: rules\alert-rules\sigma\registry_event_uac_bypass_wmp.yml
Loaded yml FilePath: rules\alert-rules\sigma\silenttrinity_stager_msbuild_activity.yml
Loaded yml FilePath: rules\alert-rules\sigma\sysmon_abusing_azure_browser_sso.yml
Loaded yml FilePath: rules\alert-rules\sigma\sysmon_abusing_debug_privilege.yml
Loaded yml FilePath: rules\alert-rules\sigma\sysmon_accesschk_usage_after_priv_escalation.yml
Loaded yml FilePath: rules\alert-rules\sigma\sysmon_accessing_winapi_in_powershell_credentials_dumping.yml
Loaded yml FilePath: rules\alert-rules\sigma\sysmon_ads_executable.yml
Loaded yml FilePath: rules\alert-rules\sigma\sysmon_alternate_powershell_hosts_moduleload.yml
Loaded yml FilePath: rules\alert-rules\sigma\sysmon_alternate_powershell_hosts_pipe.yml
Loaded yml FilePath: rules\alert-rules\sigma\sysmon_always_install_elevated_msi_spawned_cmd_and_powershell.yml
Loaded yml FilePath: rules\alert-rules\sigma\sysmon_always_install_elevated_windows_installer.yml
Loaded yml FilePath: rules\alert-rules\sigma\sysmon_apt_leviathan.yml
Loaded yml FilePath: rules\alert-rules\sigma\sysmon_apt_muddywater_dnstunnel.yml
Loaded yml FilePath: rules\alert-rules\sigma\sysmon_apt_oceanlotus_registry.yml
Loaded yml FilePath: rules\alert-rules\sigma\sysmon_apt_sourgrum.yml
Loaded yml FilePath: rules\alert-rules\sigma\sysmon_apt_turla_namedpipes.yml
Loaded yml FilePath: rules\alert-rules\sigma\sysmon_asep_reg_keys_modification.yml
Loaded yml FilePath: rules\alert-rules\sigma\sysmon_atlassian_confluence_cve_2021_26084_exploit.yml
Loaded yml FilePath: rules\alert-rules\sigma\sysmon_bypass_via_wsreset.yml
Loaded yml FilePath: rules\alert-rules\sigma\sysmon_cactustorch.yml
Loaded yml FilePath: rules\alert-rules\sigma\sysmon_cmstp_execution_by_access.yml
Loaded yml FilePath: rules\alert-rules\sigma\sysmon_cmstp_execution_by_creation.yml
Loaded yml FilePath: rules\alert-rules\sigma\sysmon_cmstp_execution_by_registry.yml
Loaded yml FilePath: rules\alert-rules\sigma\sysmon_cobaltstrike_bof_injection_pattern.yml
Loaded yml FilePath: rules\alert-rules\sigma\sysmon_cobaltstrike_process_injection.yml
Loaded yml FilePath: rules\alert-rules\sigma\sysmon_cobaltstrike_service_installs.yml
Loaded yml FilePath: rules\alert-rules\sigma\sysmon_comhijack_sdclt.yml
Loaded yml FilePath: rules\alert-rules\sigma\sysmon_config_modification_error.yml
Loaded yml FilePath: rules\alert-rules\sigma\sysmon_config_modification_status.yml
Loaded yml FilePath: rules\alert-rules\sigma\sysmon_createremotethread_loadlibrary.yml
Loaded yml FilePath: rules\alert-rules\sigma\sysmon_creation_mavinject_dll.yml
Loaded yml FilePath: rules\alert-rules\sigma\sysmon_creation_system_file.yml
Loaded yml FilePath: rules\alert-rules\sigma\sysmon_cred_dump_lsass_access.yml
Loaded yml FilePath: rules\alert-rules\sigma\sysmon_cred_dump_tools_dropped_files.yml
Loaded yml FilePath: rules\alert-rules\sigma\sysmon_cred_dump_tools_named_pipes.yml
Loaded yml FilePath: rules\alert-rules\sigma\sysmon_cve_2020_1048.yml
Loaded yml FilePath: rules\alert-rules\sigma\sysmon_cve_2021_26857_msexchange.yml
Loaded yml FilePath: rules\alert-rules\sigma\sysmon_cve_2021_26858_msexchange.yml
Loaded yml FilePath: rules\alert-rules\sigma\sysmon_dcom_iertutil_dll_hijack.yml
Loaded yml FilePath: rules\alert-rules\sigma\sysmon_delete_prefetch.yml
Loaded yml FilePath: rules\alert-rules\sigma\sysmon_detect_powerup_dllhijacking.yml
Loaded yml FilePath: rules\alert-rules\sigma\sysmon_dhcp_calloutdll.yml
Loaded yml FilePath: rules\alert-rules\sigma\sysmon_direct_syscall_ntopenprocess.yml
Loaded yml FilePath: rules\alert-rules\sigma\sysmon_disabled_exploit_guard_network_protection_on_microsoft_defender.yml
Loaded yml FilePath: rules\alert-rules\sigma\sysmon_disabled_pua_protection_on_microsoft_defender.yml
Loaded yml FilePath: rules\alert-rules\sigma\sysmon_disabled_tamper_protection_on_microsoft_defender.yml
Loaded yml FilePath: rules\alert-rules\sigma\sysmon_disable_microsoft_office_security_features.yml
Loaded yml FilePath: rules\alert-rules\sigma\sysmon_disable_security_events_logging_adding_reg_key_minint.yml
Loaded yml FilePath: rules\alert-rules\sigma\sysmon_disable_wdigest_credential_guard.yml
Loaded yml FilePath: rules\alert-rules\sigma\sysmon_dllhost_net_connections.yml
Loaded yml FilePath: rules\alert-rules\sigma\sysmon_dns_over_https_enabled.yml
Loaded yml FilePath: rules\alert-rules\sigma\sysmon_efspotato_namedpipe.yml
Loaded yml FilePath: rules\alert-rules\sigma\sysmon_enabling_cor_profiler_env_variables.yml
Loaded yml FilePath: rules\alert-rules\sigma\sysmon_etw_disabled.yml
Loaded yml FilePath: rules\alert-rules\sigma\sysmon_excel_outbound_network_connection.yml
Loaded yml FilePath: rules\alert-rules\sigma\sysmon_expand_cabinet_files.yml
Loaded yml FilePath: rules\alert-rules\sigma\sysmon_foggyweb_nobelium.yml
Loaded yml FilePath: rules\alert-rules\sigma\sysmon_ghostpack_safetykatz.yml
Loaded yml FilePath: rules\alert-rules\sigma\sysmon_hack_wce.yml
Loaded yml FilePath: rules\alert-rules\sigma\sysmon_hack_wce_reg.yml
Loaded yml FilePath: rules\alert-rules\sigma\sysmon_high_integrity_sdclt.yml
Loaded yml FilePath: rules\alert-rules\sigma\sysmon_hybridconnectionmgr_svc_installation.yml
Loaded yml FilePath: rules\alert-rules\sigma\sysmon_invoke_phantom.yml
Loaded yml FilePath: rules\alert-rules\sigma\sysmon_in_memory_assembly_execution.yml
Loaded yml FilePath: rules\alert-rules\sigma\sysmon_in_memory_powershell.yml
Loaded yml FilePath: rules\alert-rules\sigma\sysmon_lazagne_cred_dump_lsass_access.yml
Loaded yml FilePath: rules\alert-rules\sigma\sysmon_littlecorporal_generated_maldoc.yml
Loaded yml FilePath: rules\alert-rules\sigma\sysmon_load_undocumented_autoelevated_com_interface.yml
Loaded yml FilePath: rules\alert-rules\sigma\sysmon_logon_scripts_userinitmprlogonscript_proc.yml
Loaded yml FilePath: rules\alert-rules\sigma\sysmon_logon_scripts_userinitmprlogonscript_reg.yml
Loaded yml FilePath: rules\alert-rules\sigma\sysmon_long_powershell_commandline.yml
Loaded yml FilePath: rules\alert-rules\sigma\sysmon_lsass_dump_comsvcs_dll.yml
Loaded yml FilePath: rules\alert-rules\sigma\sysmon_lsass_memdump.yml
Loaded yml FilePath: rules\alert-rules\sigma\sysmon_lsass_memory_dump_file_creation.yml
Loaded yml FilePath: rules\alert-rules\sigma\sysmon_malware_backconnect_ports.yml
Loaded yml FilePath: rules\alert-rules\sigma\sysmon_malware_verclsid_shellcode.yml
Loaded yml FilePath: rules\alert-rules\sigma\sysmon_mal_cobaltstrike.yml
Loaded yml FilePath: rules\alert-rules\sigma\sysmon_mal_cobaltstrike_re.yml
Loaded yml FilePath: rules\alert-rules\sigma\sysmon_mal_namedpipes.yml
Loaded yml FilePath: rules\alert-rules\sigma\sysmon_mimikatz_detection_lsass.yml
Loaded yml FilePath: rules\alert-rules\sigma\sysmon_mimikatz_trough_winrm.yml
Loaded yml FilePath: rules\alert-rules\sigma\sysmon_modify_screensaver_binary_path.yml
Loaded yml FilePath: rules\alert-rules\sigma\sysmon_narrator_feedback_persistance.yml
Loaded yml FilePath: rules\alert-rules\sigma\sysmon_netcat_execution.yml
Loaded yml FilePath: rules\alert-rules\sigma\sysmon_new_application_appcompat.yml
Loaded yml FilePath: rules\alert-rules\sigma\sysmon_new_dll_added_to_appcertdlls_registry_key.yml
Loaded yml FilePath: rules\alert-rules\sigma\sysmon_new_dll_added_to_appinit_dlls_registry_key.yml
Loaded yml FilePath: rules\alert-rules\sigma\sysmon_notepad_network_connection.yml
Loaded yml FilePath: rules\alert-rules\sigma\sysmon_office_persistence.yml
Loaded yml FilePath: rules\alert-rules\sigma\sysmon_office_test_regadd.yml
Loaded yml FilePath: rules\alert-rules\sigma\sysmon_office_vsto_persistence.yml
Loaded yml FilePath: rules\alert-rules\sigma\sysmon_outlook_newform.yml
Loaded yml FilePath: rules\alert-rules\sigma\sysmon_password_dumper_lsass.yml
Loaded yml FilePath: rules\alert-rules\sigma\sysmon_pcre_net_load.yml
Loaded yml FilePath: rules\alert-rules\sigma\sysmon_pcre_net_temp_file.yml
Loaded yml FilePath: rules\alert-rules\sigma\sysmon_powershell_as_service.yml
Loaded yml FilePath: rules\alert-rules\sigma\sysmon_powershell_code_injection.yml
Loaded yml FilePath: rules\alert-rules\sigma\sysmon_powershell_execution_pipe.yml
Loaded yml FilePath: rules\alert-rules\sigma\sysmon_powershell_exploit_scripts.yml
Loaded yml FilePath: rules\alert-rules\sigma\sysmon_powershell_network_connection.yml
Loaded yml FilePath: rules\alert-rules\sigma\sysmon_powershell_startup_shortcuts.yml
Loaded yml FilePath: rules\alert-rules\sigma\sysmon_proxy_execution_wuauclt.yml
Loaded yml FilePath: rules\alert-rules\sigma\sysmon_psexec_pipes_artifacts.yml
Loaded yml FilePath: rules\alert-rules\sigma\sysmon_pypykatz_cred_dump_lsass_access.yml
Loaded yml FilePath: rules\alert-rules\sigma\sysmon_quarkspw_filedump.yml
Loaded yml FilePath: rules\alert-rules\sigma\sysmon_raw_disk_access_using_illegitimate_tools.yml
Loaded yml FilePath: rules\alert-rules\sigma\sysmon_rclone_execution.yml
Loaded yml FilePath: rules\alert-rules\sigma\sysmon_rdp_registry_modification.yml
Loaded yml FilePath: rules\alert-rules\sigma\sysmon_rdp_reverse_tunnel.yml
Loaded yml FilePath: rules\alert-rules\sigma\sysmon_rdp_settings_hijack.yml
Loaded yml FilePath: rules\alert-rules\sigma\sysmon_redmimicry_winnti_filedrop.yml
Loaded yml FilePath: rules\alert-rules\sigma\sysmon_redmimicry_winnti_reg.yml
Loaded yml FilePath: rules\alert-rules\sigma\sysmon_regedit_export_to_ads.yml
Loaded yml FilePath: rules\alert-rules\sigma\sysmon_registry_add_local_hidden_user.yml
Loaded yml FilePath: rules\alert-rules\sigma\sysmon_registry_persistence_key_linking.yml
Loaded yml FilePath: rules\alert-rules\sigma\sysmon_registry_persistence_search_order.yml
Loaded yml FilePath: rules\alert-rules\sigma\sysmon_registry_susp_printer_driver.yml
Loaded yml FilePath: rules\alert-rules\sigma\sysmon_registry_trust_record_modification.yml
Loaded yml FilePath: rules\alert-rules\sigma\sysmon_regsvr32_network_activity.yml
Loaded yml FilePath: rules\alert-rules\sigma\sysmon_reg_office_security.yml
Loaded yml FilePath: rules\alert-rules\sigma\sysmon_reg_silentprocessexit.yml
Loaded yml FilePath: rules\alert-rules\sigma\sysmon_reg_silentprocessexit_lsass.yml
Loaded yml FilePath: rules\alert-rules\sigma\sysmon_reg_vbs_payload_stored.yml
Loaded yml FilePath: rules\alert-rules\sigma\sysmon_remote_powershell_session_network.yml
Loaded yml FilePath: rules\alert-rules\sigma\sysmon_removal_amsi_registry_key.yml
Loaded yml FilePath: rules\alert-rules\sigma\sysmon_removal_com_hijacking_registry_key.yml
Loaded yml FilePath: rules\alert-rules\sigma\sysmon_remove_windows_defender_definition_files.yml
Loaded yml FilePath: rules\alert-rules\sigma\sysmon_rundll32_net_connections.yml
Loaded yml FilePath: rules\alert-rules\sigma\sysmon_runkey_winekey.yml
Loaded yml FilePath: rules\alert-rules\sigma\sysmon_runonce_persistence.yml
Loaded yml FilePath: rules\alert-rules\sigma\sysmon_scrcons_imageload_wmi_scripteventconsumer.yml
Loaded yml FilePath: rules\alert-rules\sigma\sysmon_sdclt_child_process.yml
Loaded yml FilePath: rules\alert-rules\sigma\sysmon_spoolsv_dll_load.yml
Loaded yml FilePath: rules\alert-rules\sigma\sysmon_ssp_added_lsa_config.yml
Loaded yml FilePath: rules\alert-rules\sigma\sysmon_startup_folder_file_write.yml
Loaded yml FilePath: rules\alert-rules\sigma\sysmon_suspicious_dbghelp_dbgcore_load.yml
Loaded yml FilePath: rules\alert-rules\sigma\sysmon_suspicious_keyboard_layout_load.yml
Loaded yml FilePath: rules\alert-rules\sigma\sysmon_suspicious_outbound_kerberos_connection.yml
Loaded yml FilePath: rules\alert-rules\sigma\sysmon_suspicious_powershell_profile_create.yml
Loaded yml FilePath: rules\alert-rules\sigma\sysmon_suspicious_remote_thread.yml
Loaded yml FilePath: rules\alert-rules\sigma\sysmon_susp_adfs_namedpipe_connection.yml
Loaded yml FilePath: rules\alert-rules\sigma\sysmon_susp_adsi_cache_usage.yml
Loaded yml FilePath: rules\alert-rules\sigma\sysmon_susp_atbroker_change.yml
Loaded yml FilePath: rules\alert-rules\sigma\sysmon_susp_clr_logs.yml
Loaded yml FilePath: rules\alert-rules\sigma\sysmon_susp_cobaltstrike_pipe_patterns.yml
Loaded yml FilePath: rules\alert-rules\sigma\sysmon_susp_desktop_ini.yml
Loaded yml FilePath: rules\alert-rules\sigma\sysmon_susp_download_run_key.yml
Loaded yml FilePath: rules\alert-rules\sigma\sysmon_susp_fax_dll.yml
Loaded yml FilePath: rules\alert-rules\sigma\sysmon_susp_image_load.yml
Loaded yml FilePath: rules\alert-rules\sigma\sysmon_susp_lsass_dll_load.yml
Loaded yml FilePath: rules\alert-rules\sigma\sysmon_susp_mic_cam_access.yml
Loaded yml FilePath: rules\alert-rules\sigma\sysmon_susp_office_dotnet_assembly_dll_load.yml
Loaded yml FilePath: rules\alert-rules\sigma\sysmon_susp_office_dotnet_clr_dll_load.yml
Loaded yml FilePath: rules\alert-rules\sigma\sysmon_susp_office_dotnet_gac_dll_load.yml
Loaded yml FilePath: rules\alert-rules\sigma\sysmon_susp_office_dsparse_dll_load.yml
Loaded yml FilePath: rules\alert-rules\sigma\sysmon_susp_office_kerberos_dll_load.yml
Loaded yml FilePath: rules\alert-rules\sigma\sysmon_susp_pfx_file_creation.yml
Loaded yml FilePath: rules\alert-rules\sigma\sysmon_susp_plink_remote_forward.yml
Loaded yml FilePath: rules\alert-rules\sigma\sysmon_susp_powershell_rundll32.yml
Loaded yml FilePath: rules\alert-rules\sigma\sysmon_susp_procexplorer_driver_created_in_tmp_folder.yml
Loaded yml FilePath: rules\alert-rules\sigma\sysmon_susp_prog_location_network_connection.yml
Loaded yml FilePath: rules\alert-rules\sigma\sysmon_susp_python_image_load.yml
Loaded yml FilePath: rules\alert-rules\sigma\sysmon_susp_rdp.yml
Loaded yml FilePath: rules\alert-rules\sigma\sysmon_susp_reg_persist_explorer_run.yml
Loaded yml FilePath: rules\alert-rules\sigma\sysmon_susp_run_key_img_folder.yml
Loaded yml FilePath: rules\alert-rules\sigma\sysmon_susp_script_dotnet_clr_dll_load.yml
Loaded yml FilePath: rules\alert-rules\sigma\sysmon_susp_service_installed.yml
Loaded yml FilePath: rules\alert-rules\sigma\sysmon_susp_service_modification.yml
Loaded yml FilePath: rules\alert-rules\sigma\sysmon_susp_system_drawing_load.yml
Loaded yml FilePath: rules\alert-rules\sigma\sysmon_susp_webdav_client_execution.yml
Loaded yml FilePath: rules\alert-rules\sigma\sysmon_susp_winword_vbadll_load.yml
Loaded yml FilePath: rules\alert-rules\sigma\sysmon_susp_winword_wmidll_load.yml
Loaded yml FilePath: rules\alert-rules\sigma\sysmon_susp_wmi_consumer_namedpipe.yml
Loaded yml FilePath: rules\alert-rules\sigma\sysmon_svchost_cred_dump.yml
Loaded yml FilePath: rules\alert-rules\sigma\sysmon_svchost_dll_search_order_hijack.yml
Loaded yml FilePath: rules\alert-rules\sigma\sysmon_sysinternals_sdelete_file_deletion.yml
Loaded yml FilePath: rules\alert-rules\sigma\sysmon_sysinternals_sdelete_registry_keys.yml
Loaded yml FilePath: rules\alert-rules\sigma\sysmon_taskcache_entry.yml
Loaded yml FilePath: rules\alert-rules\sigma\sysmon_tsclient_filewrite_startup.yml
Loaded yml FilePath: rules\alert-rules\sigma\sysmon_tttracer_mod_load.yml
Loaded yml FilePath: rules\alert-rules\sigma\sysmon_uac_bypass_consent_comctl32.yml
Loaded yml FilePath: rules\alert-rules\sigma\sysmon_uac_bypass_dotnet_profiler.yml
Loaded yml FilePath: rules\alert-rules\sigma\sysmon_uac_bypass_ieinstal.yml
Loaded yml FilePath: rules\alert-rules\sigma\sysmon_uac_bypass_msconfig_gui.yml
Loaded yml FilePath: rules\alert-rules\sigma\sysmon_uac_bypass_ntfs_reparse_point.yml
Loaded yml FilePath: rules\alert-rules\sigma\sysmon_uac_bypass_sdclt.yml
Loaded yml FilePath: rules\alert-rules\sigma\sysmon_uac_bypass_shell_open.yml
Loaded yml FilePath: rules\alert-rules\sigma\sysmon_uac_bypass_via_dism.yml
Loaded yml FilePath: rules\alert-rules\sigma\sysmon_uac_bypass_wow64_logger.yml
Loaded yml FilePath: rules\alert-rules\sigma\sysmon_uipromptforcreds_dlls.yml
Loaded yml FilePath: rules\alert-rules\sigma\sysmon_uninstall_crowdstrike_falcon.yml
Loaded yml FilePath: rules\alert-rules\sigma\sysmon_unsigned_image_loaded_into_lsass.yml
Loaded yml FilePath: rules\alert-rules\sigma\sysmon_vmtoolsd_susp_child_process.yml
Loaded yml FilePath: rules\alert-rules\sigma\sysmon_volume_shadow_copy_service_keys.yml
Loaded yml FilePath: rules\alert-rules\sigma\sysmon_wab_dllpath_reg_change.yml
Loaded yml FilePath: rules\alert-rules\sigma\sysmon_wdigest_enable_uselogoncredential.yml
Loaded yml FilePath: rules\alert-rules\sigma\sysmon_webshell_creation_detect.yml
Loaded yml FilePath: rules\alert-rules\sigma\sysmon_win_binary_github_com.yml
Loaded yml FilePath: rules\alert-rules\sigma\sysmon_win_binary_susp_com.yml
Loaded yml FilePath: rules\alert-rules\sigma\sysmon_win_reg_persistence.yml
Loaded yml FilePath: rules\alert-rules\sigma\sysmon_win_reg_telemetry_persistence.yml
Loaded yml FilePath: rules\alert-rules\sigma\sysmon_wmic_remote_xsl_scripting_dlls.yml
Loaded yml FilePath: rules\alert-rules\sigma\sysmon_wmi_module_load.yml
Loaded yml FilePath: rules\alert-rules\sigma\sysmon_wmi_persistence_commandline_event_consumer.yml
Loaded yml FilePath: rules\alert-rules\sigma\sysmon_wmi_persistence_script_event_consumer_write.yml
Loaded yml FilePath: rules\alert-rules\sigma\sysmon_wmi_susp_encoded_scripts.yml
Loaded yml FilePath: rules\alert-rules\sigma\sysmon_wmi_susp_scripting.yml
Loaded yml FilePath: rules\alert-rules\sigma\sysmon_wsman_provider_image_load.yml
Loaded yml FilePath: rules\alert-rules\sigma\sysmon_wuauclt_network_connection.yml
Loaded yml FilePath: rules\alert-rules\sigma\win_aadhealth_mon_agent_regkey_access.yml
Loaded yml FilePath: rules\alert-rules\sigma\win_aadhealth_svc_agent_regkey_access.yml
Loaded yml FilePath: rules\alert-rules\sigma\win_account_backdoor_dcsync_rights.yml
Loaded yml FilePath: rules\alert-rules\sigma\win_account_discovery.yml
Loaded yml FilePath: rules\alert-rules\sigma\win_admin_rdp_login.yml
Loaded yml FilePath: rules\alert-rules\sigma\win_admin_share_access.yml
Loaded yml FilePath: rules\alert-rules\sigma\win_ad_find_discovery.yml
Loaded yml FilePath: rules\alert-rules\sigma\win_ad_object_writedac_access.yml
Loaded yml FilePath: rules\alert-rules\sigma\win_ad_replication_non_machine_account.yml
Loaded yml FilePath: rules\alert-rules\sigma\win_ad_user_enumeration.yml
Loaded yml FilePath: rules\alert-rules\sigma\win_alert_active_directory_user_control.yml
Loaded yml FilePath: rules\alert-rules\sigma\win_alert_ad_user_backdoors.yml
Loaded yml FilePath: rules\alert-rules\sigma\win_alert_enable_weak_encryption.yml
Loaded yml FilePath: rules\alert-rules\sigma\win_alert_lsass_access.yml
Loaded yml FilePath: rules\alert-rules\sigma\win_alert_mimikatz_keywords.yml
Loaded yml FilePath: rules\alert-rules\sigma\win_alert_ruler.yml
Loaded yml FilePath: rules\alert-rules\sigma\win_anydesk_silent_install.yml
Loaded yml FilePath: rules\alert-rules\sigma\win_applocker_file_was_not_allowed_to_run.yml
Loaded yml FilePath: rules\alert-rules\sigma\win_apt_apt29_thinktanks.yml
Loaded yml FilePath: rules\alert-rules\sigma\win_apt_babyshark.yml
Loaded yml FilePath: rules\alert-rules\sigma\win_apt_bear_activity_gtr19.yml
Loaded yml FilePath: rules\alert-rules\sigma\win_apt_bluemashroom.yml
Loaded yml FilePath: rules\alert-rules\sigma\win_apt_carbonpaper_turla.yml
Loaded yml FilePath: rules\alert-rules\sigma\win_apt_chafer_mar18_security.yml
Loaded yml FilePath: rules\alert-rules\sigma\win_apt_chafer_mar18_system.yml
Loaded yml FilePath: rules\alert-rules\sigma\win_apt_cloudhopper.yml
Loaded yml FilePath: rules\alert-rules\sigma\win_apt_dragonfly.yml
Loaded yml FilePath: rules\alert-rules\sigma\win_apt_elise.yml
Loaded yml FilePath: rules\alert-rules\sigma\win_apt_emissarypanda_sep19.yml
Loaded yml FilePath: rules\alert-rules\sigma\win_apt_empiremonkey.yml
Loaded yml FilePath: rules\alert-rules\sigma\win_apt_equationgroup_dll_u_load.yml
Loaded yml FilePath: rules\alert-rules\sigma\win_apt_evilnum_jul20.yml
Loaded yml FilePath: rules\alert-rules\sigma\win_apt_gallium.yml
Loaded yml FilePath: rules\alert-rules\sigma\win_apt_greenbug_may20.yml
Loaded yml FilePath: rules\alert-rules\sigma\win_apt_hafnium.yml
Loaded yml FilePath: rules\alert-rules\sigma\win_apt_hurricane_panda.yml
Loaded yml FilePath: rules\alert-rules\sigma\win_apt_judgement_panda_gtr19.yml
Loaded yml FilePath: rules\alert-rules\sigma\win_apt_ke3chang_regadd.yml
Loaded yml FilePath: rules\alert-rules\sigma\win_apt_lazarus_activity_apr21.yml
Loaded yml FilePath: rules\alert-rules\sigma\win_apt_lazarus_activity_dec20.yml
Loaded yml FilePath: rules\alert-rules\sigma\win_apt_lazarus_loader.yml
Loaded yml FilePath: rules\alert-rules\sigma\win_apt_lazarus_session_highjack.yml
Loaded yml FilePath: rules\alert-rules\sigma\win_apt_mustangpanda.yml
Loaded yml FilePath: rules\alert-rules\sigma\win_apt_revil_kaseya.yml
Loaded yml FilePath: rules\alert-rules\sigma\win_apt_slingshot.yml
Loaded yml FilePath: rules\alert-rules\sigma\win_apt_sofacy.yml
Loaded yml FilePath: rules\alert-rules\sigma\win_apt_stonedrill.yml
Loaded yml FilePath: rules\alert-rules\sigma\win_apt_ta17_293a_ps.yml
Loaded yml FilePath: rules\alert-rules\sigma\win_apt_ta505_dropper.yml
Loaded yml FilePath: rules\alert-rules\sigma\win_apt_taidoor.yml
Loaded yml FilePath: rules\alert-rules\sigma\win_apt_tropictrooper.yml
Loaded yml FilePath: rules\alert-rules\sigma\win_apt_turla_comrat_may20.yml
Loaded yml FilePath: rules\alert-rules\sigma\win_apt_turla_service_png.yml
Loaded yml FilePath: rules\alert-rules\sigma\win_apt_unc2452_cmds.yml
Loaded yml FilePath: rules\alert-rules\sigma\win_apt_unc2452_ps.yml
Loaded yml FilePath: rules\alert-rules\sigma\win_apt_unidentified_nov_18.yml
Loaded yml FilePath: rules\alert-rules\sigma\win_apt_winnti_mal_hk_jan20.yml
Loaded yml FilePath: rules\alert-rules\sigma\win_apt_winnti_pipemon.yml
Loaded yml FilePath: rules\alert-rules\sigma\win_apt_wocao.yml
Loaded yml FilePath: rules\alert-rules\sigma\win_apt_zxshell.yml
Loaded yml FilePath: rules\alert-rules\sigma\win_arbitrary_shell_execution_via_settingcontent.yml
Loaded yml FilePath: rules\alert-rules\sigma\win_asr_bypass_via_appvlp_re.yml
Loaded yml FilePath: rules\alert-rules\sigma\win_atsvc_task.yml
Loaded yml FilePath: rules\alert-rules\sigma\win_attrib_hiding_files.yml
Loaded yml FilePath: rules\alert-rules\sigma\win_audit_cve.yml
Loaded yml FilePath: rules\alert-rules\sigma\win_av_relevant_match.yml
Loaded yml FilePath: rules\alert-rules\sigma\win_bad_opsec_sacrificial_processes.yml
Loaded yml FilePath: rules\alert-rules\sigma\win_bootconf_mod.yml
Loaded yml FilePath: rules\alert-rules\sigma\win_bypass_squiblytwo.yml
Loaded yml FilePath: rules\alert-rules\sigma\win_camera_microphone_access.yml
Loaded yml FilePath: rules\alert-rules\sigma\win_change_default_file_association.yml
Loaded yml FilePath: rules\alert-rules\sigma\win_class_exec_xwizard.yml
Loaded yml FilePath: rules\alert-rules\sigma\win_cl_invocation_lolscript.yml
Loaded yml FilePath: rules\alert-rules\sigma\win_cl_mutexverifiers_lolscript.yml
Loaded yml FilePath: rules\alert-rules\sigma\win_cmdkey_recon.yml
Loaded yml FilePath: rules\alert-rules\sigma\win_cmstp_com_object_access.yml
Loaded yml FilePath: rules\alert-rules\sigma\win_cobaltstrike_process_patterns.yml
Loaded yml FilePath: rules\alert-rules\sigma\win_cobaltstrike_service_installs.yml
Loaded yml FilePath: rules\alert-rules\sigma\win_commandline_path_traversal.yml
Loaded yml FilePath: rules\alert-rules\sigma\win_commandline_path_traversal_evasion.yml
Loaded yml FilePath: rules\alert-rules\sigma\win_control_panel_item.yml
Loaded yml FilePath: rules\alert-rules\sigma\win_copying_sensitive_files_with_credential_data.yml
Loaded yml FilePath: rules\alert-rules\sigma\win_credential_access_via_password_filter.yml
Loaded yml FilePath: rules\alert-rules\sigma\win_crime_fireball.yml
Loaded yml FilePath: rules\alert-rules\sigma\win_crime_maze_ransomware.yml
Loaded yml FilePath: rules\alert-rules\sigma\win_crime_snatch_ransomware.yml
Loaded yml FilePath: rules\alert-rules\sigma\win_crypto_mining_monero.yml
Loaded yml FilePath: rules\alert-rules\sigma\win_cve_2021_1675_printspooler.yml
Loaded yml FilePath: rules\alert-rules\sigma\win_cve_2021_1675_printspooler_del.yml
Loaded yml FilePath: rules\alert-rules\sigma\win_data_compressed_with_rar.yml
Loaded yml FilePath: rules\alert-rules\sigma\win_dce_rpc_smb_spoolss_named_pipe.yml
Loaded yml FilePath: rules\alert-rules\sigma\win_dcom_iertutil_dll_hijack.yml
Loaded yml FilePath: rules\alert-rules\sigma\win_dcsync.yml
Loaded yml FilePath: rules\alert-rules\sigma\win_defender_amsi_trigger.yml
Loaded yml FilePath: rules\alert-rules\sigma\win_defender_bypass.yml
Loaded yml FilePath: rules\alert-rules\sigma\win_defender_disabled.yml
Loaded yml FilePath: rules\alert-rules\sigma\win_defender_exclusions.yml
Loaded yml FilePath: rules\alert-rules\sigma\win_defender_history_delete.yml
Loaded yml FilePath: rules\alert-rules\sigma\win_defender_psexec_wmi_asr.yml
Loaded yml FilePath: rules\alert-rules\sigma\win_defender_tamper_protection_trigger.yml
Loaded yml FilePath: rules\alert-rules\sigma\win_defender_threat.yml
Loaded yml FilePath: rules\alert-rules\sigma\win_detecting_fake_instances_of_hxtsr.yml
Loaded yml FilePath: rules\alert-rules\sigma\win_disable_event_logging.yml
Loaded yml FilePath: rules\alert-rules\sigma\win_dll_sideload_xwizard.yml
Loaded yml FilePath: rules\alert-rules\sigma\win_dnscat2_powershell_implementation.yml
Loaded yml FilePath: rules\alert-rules\sigma\win_dns_exfiltration_tools_execution.yml
Loaded yml FilePath: rules\alert-rules\sigma\win_dpapi_domain_backupkey_extraction.yml
Loaded yml FilePath: rules\alert-rules\sigma\win_dpapi_domain_masterkey_backup_attempt.yml
Loaded yml FilePath: rules\alert-rules\sigma\win_encoded_frombase64string.yml
Loaded yml FilePath: rules\alert-rules\sigma\win_encoded_iex.yml
Loaded yml FilePath: rules\alert-rules\sigma\win_etw_modification.yml
Loaded yml FilePath: rules\alert-rules\sigma\win_etw_modification_cmdline.yml
Loaded yml FilePath: rules\alert-rules\sigma\win_etw_trace_evasion.yml
Loaded yml FilePath: rules\alert-rules\sigma\win_event_log_cleared.yml
Loaded yml FilePath: rules\alert-rules\sigma\win_exchange_proxylogon_oabvirtualdir.yml
Loaded yml FilePath: rules\alert-rules\sigma\win_exchange_proxyshell_certificate_generation.yml
Loaded yml FilePath: rules\alert-rules\sigma\win_exchange_proxyshell_mailbox_export.yml
Loaded yml FilePath: rules\alert-rules\sigma\win_exchange_proxyshell_remove_mailbox_export.yml
Loaded yml FilePath: rules\alert-rules\sigma\win_exchange_transportagent.yml
Loaded yml FilePath: rules\alert-rules\sigma\win_exchange_transportagent_failed.yml
Loaded yml FilePath: rules\alert-rules\sigma\win_exfiltration_and_tunneling_tools_execution.yml
Loaded yml FilePath: rules\alert-rules\sigma\win_exploit_cve_2015_1641.yml
Loaded yml FilePath: rules\alert-rules\sigma\win_exploit_cve_2017_0261.yml
Loaded yml FilePath: rules\alert-rules\sigma\win_exploit_cve_2017_11882.yml
Loaded yml FilePath: rules\alert-rules\sigma\win_exploit_cve_2017_8759.yml
Loaded yml FilePath: rules\alert-rules\sigma\win_exploit_cve_2019_1378.yml
Loaded yml FilePath: rules\alert-rules\sigma\win_exploit_cve_2019_1388.yml
Loaded yml FilePath: rules\alert-rules\sigma\win_exploit_cve_2020_10189.yml
Loaded yml FilePath: rules\alert-rules\sigma\win_exploit_cve_2020_1048.yml
Loaded yml FilePath: rules\alert-rules\sigma\win_exploit_cve_2020_1350.yml
Loaded yml FilePath: rules\alert-rules\sigma\win_exploit_cve_2021_1675_printspooler.yml
Loaded yml FilePath: rules\alert-rules\sigma\win_exploit_cve_2021_1675_printspooler_operational.yml
Loaded yml FilePath: rules\alert-rules\sigma\win_exploit_cve_2021_1675_printspooler_security.yml
Loaded yml FilePath: rules\alert-rules\sigma\win_exploit_systemnightmare.yml
Loaded yml FilePath: rules\alert-rules\sigma\win_external_device.yml
Loaded yml FilePath: rules\alert-rules\sigma\win_file_permission_modifications.yml
Loaded yml FilePath: rules\alert-rules\sigma\win_file_winword_cve_2021_40444.yml
Loaded yml FilePath: rules\alert-rules\sigma\win_global_catalog_enumeration.yml
Loaded yml FilePath: rules\alert-rules\sigma\win_gpo_scheduledtasks.yml
Loaded yml FilePath: rules\alert-rules\sigma\win_grabbing_sensitive_hives_via_reg.yml
Loaded yml FilePath: rules\alert-rules\sigma\win_hack_adcspwn.yml
Loaded yml FilePath: rules\alert-rules\sigma\win_hack_bloodhound.yml
Loaded yml FilePath: rules\alert-rules\sigma\win_hack_koadic.yml
Loaded yml FilePath: rules\alert-rules\sigma\win_hack_rubeus.yml
Loaded yml FilePath: rules\alert-rules\sigma\win_hack_secutyxploded.yml
Loaded yml FilePath: rules\alert-rules\sigma\win_hack_smbexec.yml
Loaded yml FilePath: rules\alert-rules\sigma\win_hh_chm.yml
Loaded yml FilePath: rules\alert-rules\sigma\win_hiding_malware_in_fonts_folder.yml
Loaded yml FilePath: rules\alert-rules\sigma\win_hivenightmare_file_exports.yml
Loaded yml FilePath: rules\alert-rules\sigma\win_hktl_createminidump.yml
Loaded yml FilePath: rules\alert-rules\sigma\win_hktl_uacme_uac_bypass.yml
Loaded yml FilePath: rules\alert-rules\sigma\win_html_help_spawn.yml
Loaded yml FilePath: rules\alert-rules\sigma\win_hwp_exploits.yml
Loaded yml FilePath: rules\alert-rules\sigma\win_hybridconnectionmgr_svc_installation.yml
Loaded yml FilePath: rules\alert-rules\sigma\win_hybridconnectionmgr_svc_running.yml
Loaded yml FilePath: rules\alert-rules\sigma\win_impacket_compiled_tools.yml
Loaded yml FilePath: rules\alert-rules\sigma\win_impacket_lateralization.yml
Loaded yml FilePath: rules\alert-rules\sigma\win_impacket_psexec.yml
Loaded yml FilePath: rules\alert-rules\sigma\win_impacket_secretdump.yml
Loaded yml FilePath: rules\alert-rules\sigma\win_indirect_cmd.yml
Loaded yml FilePath: rules\alert-rules\sigma\win_indirect_cmd_compatibility_assistant.yml
Loaded yml FilePath: rules\alert-rules\sigma\win_install_reg_debugger_backdoor.yml
Loaded yml FilePath: rules\alert-rules\sigma\win_interactive_at.yml
Loaded yml FilePath: rules\alert-rules\sigma\win_invoke_obfuscation_clip.yml
Loaded yml FilePath: rules\alert-rules\sigma\win_invoke_obfuscation_clip_services.yml
Loaded yml FilePath: rules\alert-rules\sigma\win_invoke_obfuscation_clip_services_security.yml
Loaded yml FilePath: rules\alert-rules\sigma\win_invoke_obfuscation_obfuscated_iex_commandline.yml
Loaded yml FilePath: rules\alert-rules\sigma\win_invoke_obfuscation_obfuscated_iex_services.yml
Loaded yml FilePath: rules\alert-rules\sigma\win_invoke_obfuscation_obfuscated_iex_services_security.yml
Loaded yml FilePath: rules\alert-rules\sigma\win_invoke_obfuscation_stdin.yml
Loaded yml FilePath: rules\alert-rules\sigma\win_invoke_obfuscation_stdin_services.yml
Loaded yml FilePath: rules\alert-rules\sigma\win_invoke_obfuscation_stdin_services_security.yml
Loaded yml FilePath: rules\alert-rules\sigma\win_invoke_obfuscation_var.yml
Loaded yml FilePath: rules\alert-rules\sigma\win_invoke_obfuscation_var_services.yml
Loaded yml FilePath: rules\alert-rules\sigma\win_invoke_obfuscation_var_services_security.yml
Loaded yml FilePath: rules\alert-rules\sigma\win_invoke_obfuscation_via_compress.yml
Loaded yml FilePath: rules\alert-rules\sigma\win_invoke_obfuscation_via_compress_services.yml
Loaded yml FilePath: rules\alert-rules\sigma\win_invoke_obfuscation_via_compress_services_security.yml
Loaded yml FilePath: rules\alert-rules\sigma\win_invoke_obfuscation_via_rundll.yml
Loaded yml FilePath: rules\alert-rules\sigma\win_invoke_obfuscation_via_rundll_services.yml
Loaded yml FilePath: rules\alert-rules\sigma\win_invoke_obfuscation_via_rundll_services_security.yml
Loaded yml FilePath: rules\alert-rules\sigma\win_invoke_obfuscation_via_stdin.yml
Loaded yml FilePath: rules\alert-rules\sigma\win_invoke_obfuscation_via_stdin_services.yml
Loaded yml FilePath: rules\alert-rules\sigma\win_invoke_obfuscation_via_stdin_services_security.yml
Loaded yml FilePath: rules\alert-rules\sigma\win_invoke_obfuscation_via_use_clip.yml
Loaded yml FilePath: rules\alert-rules\sigma\win_invoke_obfuscation_via_use_clip_services.yml
Loaded yml FilePath: rules\alert-rules\sigma\win_invoke_obfuscation_via_use_clip_services_security.yml
Loaded yml FilePath: rules\alert-rules\sigma\win_invoke_obfuscation_via_use_mhsta.yml
Loaded yml FilePath: rules\alert-rules\sigma\win_invoke_obfuscation_via_use_mshta_services.yml
Loaded yml FilePath: rules\alert-rules\sigma\win_invoke_obfuscation_via_use_mshta_services_security.yml
Loaded yml FilePath: rules\alert-rules\sigma\win_invoke_obfuscation_via_use_rundll32.yml
Loaded yml FilePath: rules\alert-rules\sigma\win_invoke_obfuscation_via_use_rundll32_services.yml
Loaded yml FilePath: rules\alert-rules\sigma\win_invoke_obfuscation_via_use_rundll32_services_security.yml
Loaded yml FilePath: rules\alert-rules\sigma\win_invoke_obfuscation_via_var.yml
Loaded yml FilePath: rules\alert-rules\sigma\win_invoke_obfuscation_via_var_services.yml
Loaded yml FilePath: rules\alert-rules\sigma\win_invoke_obfuscation_via_var_services_security.yml
Loaded yml FilePath: rules\alert-rules\sigma\win_iso_mount.yml
Loaded yml FilePath: rules\alert-rules\sigma\win_lateral_movement_condrv.yml
Loaded yml FilePath: rules\alert-rules\sigma\win_ldap_recon.yml
Loaded yml FilePath: rules\alert-rules\sigma\win_lethalhta.yml
Loaded yml FilePath: rules\alert-rules\sigma\win_lm_namedpipe.yml
Loaded yml FilePath: rules\alert-rules\sigma\win_local_system_owner_account_discovery.yml
Loaded yml FilePath: rules\alert-rules\sigma\win_lolbas_execution_of_nltest.yml
Loaded yml FilePath: rules\alert-rules\sigma\win_lolbas_execution_of_wuauclt.yml
Loaded yml FilePath: rules\alert-rules\sigma\win_lolbin_execution_via_winget.yml
Loaded yml FilePath: rules\alert-rules\sigma\win_lsass_access_non_system_account.yml
Loaded yml FilePath: rules\alert-rules\sigma\win_lsass_dump.yml
Loaded yml FilePath: rules\alert-rules\sigma\win_malware_conti.yml
Loaded yml FilePath: rules\alert-rules\sigma\win_malware_conti_7zip.yml
Loaded yml FilePath: rules\alert-rules\sigma\win_malware_conti_shadowcopy.yml
Loaded yml FilePath: rules\alert-rules\sigma\win_malware_dridex.yml
Loaded yml FilePath: rules\alert-rules\sigma\win_malware_dtrack.yml
Loaded yml FilePath: rules\alert-rules\sigma\win_malware_emotet.yml
Loaded yml FilePath: rules\alert-rules\sigma\win_malware_formbook.yml
Loaded yml FilePath: rules\alert-rules\sigma\win_malware_notpetya.yml
Loaded yml FilePath: rules\alert-rules\sigma\win_malware_qbot.yml
Loaded yml FilePath: rules\alert-rules\sigma\win_malware_ryuk.yml
Loaded yml FilePath: rules\alert-rules\sigma\win_malware_script_dropper.yml
Loaded yml FilePath: rules\alert-rules\sigma\win_malware_trickbot_recon_activity.yml
Loaded yml FilePath: rules\alert-rules\sigma\win_malware_trickbot_wermgr.yml
Loaded yml FilePath: rules\alert-rules\sigma\win_malware_wannacry.yml
Loaded yml FilePath: rules\alert-rules\sigma\win_mal_adwind.yml
Loaded yml FilePath: rules\alert-rules\sigma\win_mal_creddumper.yml
Loaded yml FilePath: rules\alert-rules\sigma\win_mal_wceaux_dll.yml
Loaded yml FilePath: rules\alert-rules\sigma\win_manage_bde_lolbas.yml
Loaded yml FilePath: rules\alert-rules\sigma\win_mavinject_proc_inj.yml
Loaded yml FilePath: rules\alert-rules\sigma\win_meterpreter_or_cobaltstrike_getsystem_service_installation.yml
Loaded yml FilePath: rules\alert-rules\sigma\win_meterpreter_or_cobaltstrike_getsystem_service_start.yml
Loaded yml FilePath: rules\alert-rules\sigma\win_mimikatz_command_line.yml
Loaded yml FilePath: rules\alert-rules\sigma\win_mmc20_lateral_movement.yml
Loaded yml FilePath: rules\alert-rules\sigma\win_mmc_spawn_shell.yml
Loaded yml FilePath: rules\alert-rules\sigma\win_modif_of_services_for_via_commandline.yml
Loaded yml FilePath: rules\alert-rules\sigma\win_monitoring_for_persistence_via_bits.yml
Loaded yml FilePath: rules\alert-rules\sigma\win_moriya_rootkit.yml
Loaded yml FilePath: rules\alert-rules\sigma\win_mouse_lock.yml
Loaded yml FilePath: rules\alert-rules\sigma\win_mshta_javascript.yml
Loaded yml FilePath: rules\alert-rules\sigma\win_mshta_spawn_shell.yml
Loaded yml FilePath: rules\alert-rules\sigma\win_netsh_allow_port_rdp.yml
Loaded yml FilePath: rules\alert-rules\sigma\win_netsh_fw_add.yml
Loaded yml FilePath: rules\alert-rules\sigma\win_netsh_fw_add_susp_image.yml
Loaded yml FilePath: rules\alert-rules\sigma\win_netsh_packet_capture.yml
Loaded yml FilePath: rules\alert-rules\sigma\win_netsh_port_fwd.yml
Loaded yml FilePath: rules\alert-rules\sigma\win_netsh_port_fwd_3389.yml
Loaded yml FilePath: rules\alert-rules\sigma\win_netsh_wifi_credential_harvesting.yml
Loaded yml FilePath: rules\alert-rules\sigma\win_network_sniffing.yml
Loaded yml FilePath: rules\alert-rules\sigma\win_net_crypto_mining.yml
Loaded yml FilePath: rules\alert-rules\sigma\win_net_enum.yml
Loaded yml FilePath: rules\alert-rules\sigma\win_net_ntlm_downgrade.yml
Loaded yml FilePath: rules\alert-rules\sigma\win_net_user_add.yml
Loaded yml FilePath: rules\alert-rules\sigma\win_net_use_admin_share.yml
Loaded yml FilePath: rules\alert-rules\sigma\win_new_or_renamed_user_account_with_dollar_sign.yml
Loaded yml FilePath: rules\alert-rules\sigma\win_new_service_creation.yml
Loaded yml FilePath: rules\alert-rules\sigma\win_nltest_recon.yml
Loaded yml FilePath: rules\alert-rules\sigma\win_non_interactive_powershell.yml
Loaded yml FilePath: rules\alert-rules\sigma\win_non_priv_reg_or_ps.yml
Loaded yml FilePath: rules\alert-rules\sigma\win_not_allowed_rdp_access.yml
Loaded yml FilePath: rules\alert-rules\sigma\win_ntfs_vuln_exploit.yml
Loaded yml FilePath: rules\alert-rules\sigma\win_office_shell.yml
Loaded yml FilePath: rules\alert-rules\sigma\win_office_spawn_exe_from_users_directory.yml
Loaded yml FilePath: rules\alert-rules\sigma\win_outlook_c2_macro_creation.yml
Loaded yml FilePath: rules\alert-rules\sigma\win_outlook_c2_registry_key.yml
Loaded yml FilePath: rules\alert-rules\sigma\win_outlook_registry_todaypage.yml
Loaded yml FilePath: rules\alert-rules\sigma\win_outlook_registry_webview.yml
Loaded yml FilePath: rules\alert-rules\sigma\win_overpass_the_hash.yml
Loaded yml FilePath: rules\alert-rules\sigma\win_pass_the_hash.yml
Loaded yml FilePath: rules\alert-rules\sigma\win_pass_the_hash_2.yml
Loaded yml FilePath: rules\alert-rules\sigma\win_pcap_drivers.yml
Loaded yml FilePath: rules\alert-rules\sigma\win_pc_set_policies_to_unsecure_level.yml
Loaded yml FilePath: rules\alert-rules\sigma\win_pc_susp_cmdl32_lolbas.yml
Loaded yml FilePath: rules\alert-rules\sigma\win_pc_susp_schtasks_user_temp.yml
Loaded yml FilePath: rules\alert-rules\sigma\win_pc_susp_zipexec.yml
Loaded yml FilePath: rules\alert-rules\sigma\win_petitpotam_network_share.yml
Loaded yml FilePath: rules\alert-rules\sigma\win_petitpotam_susp_tgt_request.yml
Loaded yml FilePath: rules\alert-rules\sigma\win_plugx_susp_exe_locations.yml
Loaded yml FilePath: rules\alert-rules\sigma\win_portproxy_registry_key.yml
Loaded yml FilePath: rules\alert-rules\sigma\win_possible_applocker_bypass.yml
Loaded yml FilePath: rules\alert-rules\sigma\win_possible_dc_shadow.yml
Loaded yml FilePath: rules\alert-rules\sigma\win_possible_privilege_escalation_via_service_registry_permissions.yml
Loaded yml FilePath: rules\alert-rules\sigma\win_possible_zerologon_exploitation_using_wellknown_tools.yml
Loaded yml FilePath: rules\alert-rules\sigma\win_powershell_amsi_bypass.yml
Loaded yml FilePath: rules\alert-rules\sigma\win_powershell_audio_capture.yml
Loaded yml FilePath: rules\alert-rules\sigma\win_powershell_b64_shellcode.yml
Loaded yml FilePath: rules\alert-rules\sigma\win_powershell_bitsjob.yml
Loaded yml FilePath: rules\alert-rules\sigma\win_powershell_cmdline_reversed_strings.yml
Loaded yml FilePath: rules\alert-rules\sigma\win_powershell_cmdline_special_characters.yml
Loaded yml FilePath: rules\alert-rules\sigma\win_powershell_cmdline_specific_comb_methods.yml
Loaded yml FilePath: rules\alert-rules\sigma\win_powershell_defender_exclusion.yml
Loaded yml FilePath: rules\alert-rules\sigma\win_powershell_disable_windef_av.yml
Loaded yml FilePath: rules\alert-rules\sigma\win_powershell_dll_execution.yml
Loaded yml FilePath: rules\alert-rules\sigma\win_powershell_downgrade_attack.yml
Loaded yml FilePath: rules\alert-rules\sigma\win_powershell_download.yml
Loaded yml FilePath: rules\alert-rules\sigma\win_powershell_frombase64string.yml
Loaded yml FilePath: rules\alert-rules\sigma\win_powershell_reverse_shell_connection.yml
Loaded yml FilePath: rules\alert-rules\sigma\win_powershell_suspicious_parameter_variation.yml
Loaded yml FilePath: rules\alert-rules\sigma\win_powershell_xor_commandline.yml
Loaded yml FilePath: rules\alert-rules\sigma\win_powersploit_empire_schtasks.yml
Loaded yml FilePath: rules\alert-rules\sigma\win_privesc_cve_2020_1472.yml
Loaded yml FilePath: rules\alert-rules\sigma\win_procdump.yml
Loaded yml FilePath: rules\alert-rules\sigma\win_process_creation_bitsadmin_download.yml
Loaded yml FilePath: rules\alert-rules\sigma\win_process_dump_rdrleakdiag.yml
Loaded yml FilePath: rules\alert-rules\sigma\win_process_dump_rundll32_comsvcs.yml
Loaded yml FilePath: rules\alert-rules\sigma\win_proc_wrong_parent.yml
Loaded yml FilePath: rules\alert-rules\sigma\win_protected_storage_service_access.yml
Loaded yml FilePath: rules\alert-rules\sigma\win_psexesvc_start.yml
Loaded yml FilePath: rules\alert-rules\sigma\win_purplesharp_indicators.yml
Loaded yml FilePath: rules\alert-rules\sigma\win_quarkspwdump_clearing_hive_access_history.yml
Loaded yml FilePath: rules\alert-rules\sigma\win_query_registry.yml
Loaded yml FilePath: rules\alert-rules\sigma\win_rare_schtask_creation.yml
Loaded yml FilePath: rules\alert-rules\sigma\win_rasautou_dll_execution.yml
Loaded yml FilePath: rules\alert-rules\sigma\win_rclone_exec_file.yml
Loaded yml FilePath: rules\alert-rules\sigma\win_rdp_bluekeep_poc_scanner.yml
Loaded yml FilePath: rules\alert-rules\sigma\win_rdp_hijack_shadowing.yml
Loaded yml FilePath: rules\alert-rules\sigma\win_rdp_localhost_login.yml
Loaded yml FilePath: rules\alert-rules\sigma\win_rdp_potential_cve_2019_0708.yml
Loaded yml FilePath: rules\alert-rules\sigma\win_rdp_reverse_tunnel.yml
Loaded yml FilePath: rules\alert-rules\sigma\win_redmimicry_winnti_proc.yml
Loaded yml FilePath: rules\alert-rules\sigma\win_regedit_export_critical_keys.yml
Loaded yml FilePath: rules\alert-rules\sigma\win_regedit_export_keys.yml
Loaded yml FilePath: rules\alert-rules\sigma\win_regedit_import_keys.yml
Loaded yml FilePath: rules\alert-rules\sigma\win_regedit_import_keys_ads.yml
Loaded yml FilePath: rules\alert-rules\sigma\win_regini.yml
Loaded yml FilePath: rules\alert-rules\sigma\win_regini_ads.yml
Loaded yml FilePath: rules\alert-rules\sigma\win_register_new_logon_process_by_rubeus.yml
Loaded yml FilePath: rules\alert-rules\sigma\win_registry_mimikatz_printernightmare.yml
Loaded yml FilePath: rules\alert-rules\sigma\win_reg_add_run_key.yml
Loaded yml FilePath: rules\alert-rules\sigma\win_remote_powershell_session.yml
Loaded yml FilePath: rules\alert-rules\sigma\win_remote_powershell_session_process.yml
Loaded yml FilePath: rules\alert-rules\sigma\win_remote_registry_management_using_reg_utility.yml
Loaded yml FilePath: rules\alert-rules\sigma\win_remote_time_discovery.yml
Loaded yml FilePath: rules\alert-rules\sigma\win_renamed_binary.yml
Loaded yml FilePath: rules\alert-rules\sigma\win_renamed_binary_highly_relevant.yml
Loaded yml FilePath: rules\alert-rules\sigma\win_renamed_jusched.yml
Loaded yml FilePath: rules\alert-rules\sigma\win_renamed_megasync.yml
Loaded yml FilePath: rules\alert-rules\sigma\win_renamed_paexec.yml
Loaded yml FilePath: rules\alert-rules\sigma\win_renamed_powershell.yml
Loaded yml FilePath: rules\alert-rules\sigma\win_renamed_procdump.yml
Loaded yml FilePath: rules\alert-rules\sigma\win_renamed_psexec.yml
Loaded yml FilePath: rules\alert-rules\sigma\win_renamed_whoami.yml
Loaded yml FilePath: rules\alert-rules\sigma\win_root_certificate_installed.yml
Loaded yml FilePath: rules\alert-rules\sigma\win_rundll32_without_parameters.yml
Loaded yml FilePath: rules\alert-rules\sigma\win_run_powershell_script_from_ads.yml
Loaded yml FilePath: rules\alert-rules\sigma\win_run_powershell_script_from_input_stream.yml
Loaded yml FilePath: rules\alert-rules\sigma\win_run_virtualbox.yml
Loaded yml FilePath: rules\alert-rules\sigma\win_sam_registry_hive_handle_request.yml
Loaded yml FilePath: rules\alert-rules\sigma\win_scheduled_task_deletion.yml
Loaded yml FilePath: rules\alert-rules\sigma\win_scm_database_handle_failure.yml
Loaded yml FilePath: rules\alert-rules\sigma\win_scm_database_privileged_operation.yml
Loaded yml FilePath: rules\alert-rules\sigma\win_scrcons_remote_wmi_scripteventconsumer.yml
Loaded yml FilePath: rules\alert-rules\sigma\win_script_event_consumer_spawn.yml
Loaded yml FilePath: rules\alert-rules\sigma\win_sdbinst_shim_persistence.yml
Loaded yml FilePath: rules\alert-rules\sigma\win_security_cobaltstrike_service_installs.yml
Loaded yml FilePath: rules\alert-rules\sigma\win_security_mal_creddumper.yml
Loaded yml FilePath: rules\alert-rules\sigma\win_security_mal_service_installs.yml
Loaded yml FilePath: rules\alert-rules\sigma\win_security_metasploit_or_impacket_smb_psexec_service_install.yml
Loaded yml FilePath: rules\alert-rules\sigma\win_security_meterpreter_or_cobaltstrike_getsystem_service_install.yml
Loaded yml FilePath: rules\alert-rules\sigma\win_security_powershell_script_installed_as_service.yml
Loaded yml FilePath: rules\alert-rules\sigma\win_security_tap_driver_installation.yml
Loaded yml FilePath: rules\alert-rules\sigma\win_security_wmi_persistence.yml
Loaded yml FilePath: rules\alert-rules\sigma\win_service_execution.yml
Loaded yml FilePath: rules\alert-rules\sigma\win_service_stop.yml
Loaded yml FilePath: rules\alert-rules\sigma\win_set_oabvirtualdirectory_externalurl.yml
Loaded yml FilePath: rules\alert-rules\sigma\win_shadow_copies_access_symlink.yml
Loaded yml FilePath: rules\alert-rules\sigma\win_shadow_copies_creation.yml
Loaded yml FilePath: rules\alert-rules\sigma\win_shadow_copies_deletion.yml
Loaded yml FilePath: rules\alert-rules\sigma\win_shell_spawn_mshta.yml
Loaded yml FilePath: rules\alert-rules\sigma\win_shell_spawn_susp_program.yml
Loaded yml FilePath: rules\alert-rules\sigma\win_silenttrinity_stage_use.yml
Loaded yml FilePath: rules\alert-rules\sigma\win_smb_file_creation_admin_shares.yml
Loaded yml FilePath: rules\alert-rules\sigma\win_software_atera_rmm_agent_install.yml
Loaded yml FilePath: rules\alert-rules\sigma\win_soundrec_audio_capture.yml
Loaded yml FilePath: rules\alert-rules\sigma\win_spn_enum.yml
Loaded yml FilePath: rules\alert-rules\sigma\win_sticky_keys_unauthenticated_privileged_console_access.yml
Loaded yml FilePath: rules\alert-rules\sigma\win_suspicious_outbound_kerberos_connection.yml
Loaded yml FilePath: rules\alert-rules\sigma\win_suspicious_vss_ps_load.yml
Loaded yml FilePath: rules\alert-rules\sigma\win_susp_add_domain_trust.yml
Loaded yml FilePath: rules\alert-rules\sigma\win_susp_add_sid_history.yml
Loaded yml FilePath: rules\alert-rules\sigma\win_susp_adfind.yml
Loaded yml FilePath: rules\alert-rules\sigma\win_susp_atbroker.yml
Loaded yml FilePath: rules\alert-rules\sigma\win_susp_backup_delete.yml
Loaded yml FilePath: rules\alert-rules\sigma\win_susp_bcdedit.yml
Loaded yml FilePath: rules\alert-rules\sigma\win_susp_bginfo.yml
Loaded yml FilePath: rules\alert-rules\sigma\win_susp_bitstransfer.yml
Loaded yml FilePath: rules\alert-rules\sigma\win_susp_calc.yml
Loaded yml FilePath: rules\alert-rules\sigma\win_susp_cdb.yml
Loaded yml FilePath: rules\alert-rules\sigma\win_susp_certutil_command.yml
Loaded yml FilePath: rules\alert-rules\sigma\win_susp_certutil_encode.yml
Loaded yml FilePath: rules\alert-rules\sigma\win_susp_child_process_as_system_.yml
Loaded yml FilePath: rules\alert-rules\sigma\win_susp_cli_escape.yml
Loaded yml FilePath: rules\alert-rules\sigma\win_susp_cmd_http_appdata.yml
Loaded yml FilePath: rules\alert-rules\sigma\win_susp_cmd_shadowcopy_access.yml
Loaded yml FilePath: rules\alert-rules\sigma\win_susp_codeintegrity_check_failure.yml
Loaded yml FilePath: rules\alert-rules\sigma\win_susp_codepage_switch.yml
Loaded yml FilePath: rules\alert-rules\sigma\win_susp_commands_recon_activity.yml
Loaded yml FilePath: rules\alert-rules\sigma\win_susp_compression_params.yml
Loaded yml FilePath: rules\alert-rules\sigma\win_susp_comsvcs_procdump.yml
Loaded yml FilePath: rules\alert-rules\sigma\win_susp_conhost.yml
Loaded yml FilePath: rules\alert-rules\sigma\win_susp_control_cve_2021_40444.yml
Loaded yml FilePath: rules\alert-rules\sigma\win_susp_control_dll_load.yml
Loaded yml FilePath: rules\alert-rules\sigma\win_susp_copy_lateral_movement.yml
Loaded yml FilePath: rules\alert-rules\sigma\win_susp_copy_system32.yml
Loaded yml FilePath: rules\alert-rules\sigma\win_susp_covenant.yml
Loaded yml FilePath: rules\alert-rules\sigma\win_susp_crackmapexec_execution.yml
Loaded yml FilePath: rules\alert-rules\sigma\win_susp_crackmapexec_powershell_obfuscation.yml
Loaded yml FilePath: rules\alert-rules\sigma\win_susp_csc.yml
Loaded yml FilePath: rules\alert-rules\sigma\win_susp_csc_folder.yml
Loaded yml FilePath: rules\alert-rules\sigma\win_susp_csi.yml
Loaded yml FilePath: rules\alert-rules\sigma\win_susp_curl_download.yml
Loaded yml FilePath: rules\alert-rules\sigma\win_susp_curl_fileupload.yml
Loaded yml FilePath: rules\alert-rules\sigma\win_susp_curl_start_combo.yml
Loaded yml FilePath: rules\alert-rules\sigma\win_susp_dctask64_proc_inject.yml
Loaded yml FilePath: rules\alert-rules\sigma\win_susp_desktopimgdownldr.yml
Loaded yml FilePath: rules\alert-rules\sigma\win_susp_desktopimgdownldr_file.yml
Loaded yml FilePath: rules\alert-rules\sigma\win_susp_devtoolslauncher.yml
Loaded yml FilePath: rules\alert-rules\sigma\win_susp_dhcp_config.yml
Loaded yml FilePath: rules\alert-rules\sigma\win_susp_dhcp_config_failed.yml
Loaded yml FilePath: rules\alert-rules\sigma\win_susp_direct_asep_reg_keys_modification.yml
Loaded yml FilePath: rules\alert-rules\sigma\win_susp_disable_eventlog.yml
Loaded yml FilePath: rules\alert-rules\sigma\win_susp_disable_ie_features.yml
Loaded yml FilePath: rules\alert-rules\sigma\win_susp_disable_raccine.yml
Loaded yml FilePath: rules\alert-rules\sigma\win_susp_diskshadow.yml
Loaded yml FilePath: rules\alert-rules\sigma\win_susp_ditsnap.yml
Loaded yml FilePath: rules\alert-rules\sigma\win_susp_dns_config.yml
Loaded yml FilePath: rules\alert-rules\sigma\win_susp_dnx.yml
Loaded yml FilePath: rules\alert-rules\sigma\win_susp_double_extension.yml
Loaded yml FilePath: rules\alert-rules\sigma\win_susp_dsrm_password_change.yml
Loaded yml FilePath: rules\alert-rules\sigma\win_susp_dxcap.yml
Loaded yml FilePath: rules\alert-rules\sigma\win_susp_emotet_rudll32_execution.yml
Loaded yml FilePath: rules\alert-rules\sigma\win_susp_esentutl_activity.yml
Loaded yml FilePath: rules\alert-rules\sigma\win_susp_eventlog_clear.yml
Loaded yml FilePath: rules\alert-rules\sigma\win_susp_eventlog_cleared.yml
Loaded yml FilePath: rules\alert-rules\sigma\win_susp_execution_path.yml
Loaded yml FilePath: rules\alert-rules\sigma\win_susp_execution_path_webserver.yml
Loaded yml FilePath: rules\alert-rules\sigma\win_susp_explorer.yml
Loaded yml FilePath: rules\alert-rules\sigma\win_susp_explorer_break_proctree.yml
Loaded yml FilePath: rules\alert-rules\sigma\win_susp_failed_guest_logon.yml
Loaded yml FilePath: rules\alert-rules\sigma\win_susp_failed_logon_reasons.yml
Loaded yml FilePath: rules\alert-rules\sigma\win_susp_failed_logon_source.yml
Loaded yml FilePath: rules\alert-rules\sigma\win_susp_file_characteristics.yml
Loaded yml FilePath: rules\alert-rules\sigma\win_susp_file_download_via_gfxdownloadwrapper.yml
Loaded yml FilePath: rules\alert-rules\sigma\win_susp_findstr.yml
Loaded yml FilePath: rules\alert-rules\sigma\win_susp_findstr_lnk.yml
Loaded yml FilePath: rules\alert-rules\sigma\win_susp_finger_usage.yml
Loaded yml FilePath: rules\alert-rules\sigma\win_susp_firewall_disable.yml
Loaded yml FilePath: rules\alert-rules\sigma\win_susp_fsutil_usage.yml
Loaded yml FilePath: rules\alert-rules\sigma\win_susp_ftp.yml
Loaded yml FilePath: rules\alert-rules\sigma\win_susp_gup.yml
Loaded yml FilePath: rules\alert-rules\sigma\win_susp_interactive_logons.yml
Loaded yml FilePath: rules\alert-rules\sigma\win_susp_iss_module_install.yml
Loaded yml FilePath: rules\alert-rules\sigma\win_susp_kerberos_manipulation.yml
Loaded yml FilePath: rules\alert-rules\sigma\win_susp_ldap_dataexchange.yml
Loaded yml FilePath: rules\alert-rules\sigma\win_susp_local_anon_logon_created.yml
Loaded yml FilePath: rules\alert-rules\sigma\win_susp_logon_explicit_credentials.yml
Loaded yml FilePath: rules\alert-rules\sigma\win_susp_lsass_dump.yml
Loaded yml FilePath: rules\alert-rules\sigma\win_susp_lsass_dump_generic.yml
Loaded yml FilePath: rules\alert-rules\sigma\win_susp_mounted_share_deletion.yml
Loaded yml FilePath: rules\alert-rules\sigma\win_susp_mpcmdrun_download.yml
Loaded yml FilePath: rules\alert-rules\sigma\win_susp_mshta_execution.yml
Loaded yml FilePath: rules\alert-rules\sigma\win_susp_mshta_pattern.yml
Loaded yml FilePath: rules\alert-rules\sigma\win_susp_msiexec_cwd.yml
Loaded yml FilePath: rules\alert-rules\sigma\win_susp_msiexec_web_install.yml
Loaded yml FilePath: rules\alert-rules\sigma\win_susp_msmpeng_crash.yml
Loaded yml FilePath: rules\alert-rules\sigma\win_susp_msoffice.yml
Loaded yml FilePath: rules\alert-rules\sigma\win_susp_multiple_files_renamed_or_deleted.yml
Loaded yml FilePath: rules\alert-rules\sigma\win_susp_netsh_dll_persistence.yml
Loaded yml FilePath: rules\alert-rules\sigma\win_susp_net_execution.yml
Loaded yml FilePath: rules\alert-rules\sigma\win_susp_net_recon_activity.yml
Loaded yml FilePath: rules\alert-rules\sigma\win_susp_ngrok_pua.yml
Loaded yml FilePath: rules\alert-rules\sigma\win_susp_ntdsutil.yml
Loaded yml FilePath: rules\alert-rules\sigma\win_susp_ntlm_auth.yml
Loaded yml FilePath: rules\alert-rules\sigma\win_susp_ntlm_rdp.yml
Loaded yml FilePath: rules\alert-rules\sigma\win_susp_odbcconf.yml
Loaded yml FilePath: rules\alert-rules\sigma\win_susp_openwith.yml
Loaded yml FilePath: rules\alert-rules\sigma\win_susp_outlook.yml
Loaded yml FilePath: rules\alert-rules\sigma\win_susp_outlook_temp.yml
Loaded yml FilePath: rules\alert-rules\sigma\win_susp_pcwutl.yml
Loaded yml FilePath: rules\alert-rules\sigma\win_susp_pester.yml
Loaded yml FilePath: rules\alert-rules\sigma\win_susp_ping_hex_ip.yml
Loaded yml FilePath: rules\alert-rules\sigma\win_susp_powershell_empire_launch.yml
Loaded yml FilePath: rules\alert-rules\sigma\win_susp_powershell_empire_uac_bypass.yml
Loaded yml FilePath: rules\alert-rules\sigma\win_susp_powershell_encoded_param.yml
Loaded yml FilePath: rules\alert-rules\sigma\win_susp_powershell_enc_cmd.yml
Loaded yml FilePath: rules\alert-rules\sigma\win_susp_powershell_getprocess_lsass.yml
Loaded yml FilePath: rules\alert-rules\sigma\win_susp_powershell_hidden_b64_cmd.yml
Loaded yml FilePath: rules\alert-rules\sigma\win_susp_powershell_parent_combo.yml
Loaded yml FilePath: rules\alert-rules\sigma\win_susp_powershell_parent_process.yml
Loaded yml FilePath: rules\alert-rules\sigma\win_susp_powershell_sam_access.yml
Loaded yml FilePath: rules\alert-rules\sigma\win_susp_print.yml
Loaded yml FilePath: rules\alert-rules\sigma\win_susp_procdump.yml
Loaded yml FilePath: rules\alert-rules\sigma\win_susp_procdump_lsass.yml
Loaded yml FilePath: rules\alert-rules\sigma\win_susp_proceshacker.yml
Loaded yml FilePath: rules\alert-rules\sigma\win_susp_psexec.yml
Loaded yml FilePath: rules\alert-rules\sigma\win_susp_psexec_eula.yml
Loaded yml FilePath: rules\alert-rules\sigma\win_susp_psexex_paexec_flags.yml
Loaded yml FilePath: rules\alert-rules\sigma\win_susp_psr_capture_screenshots.yml
Loaded yml FilePath: rules\alert-rules\sigma\win_susp_ps_appdata.yml
Loaded yml FilePath: rules\alert-rules\sigma\win_susp_ps_downloadfile.yml
Loaded yml FilePath: rules\alert-rules\sigma\win_susp_raccess_sensitive_fext.yml
Loaded yml FilePath: rules\alert-rules\sigma\win_susp_rar_flags.yml
Loaded yml FilePath: rules\alert-rules\sigma\win_susp_rasdial_activity.yml
Loaded yml FilePath: rules\alert-rules\sigma\win_susp_razorinstaller_explorer.yml
Loaded yml FilePath: rules\alert-rules\sigma\win_susp_rc4_kerberos.yml
Loaded yml FilePath: rules\alert-rules\sigma\win_susp_rclone_exec.yml
Loaded yml FilePath: rules\alert-rules\sigma\win_susp_rclone_execution.yml
Loaded yml FilePath: rules\alert-rules\sigma\win_susp_recon_activity.yml
Loaded yml FilePath: rules\alert-rules\sigma\win_susp_regedit_trustedinstaller.yml
Loaded yml FilePath: rules\alert-rules\sigma\win_susp_register_cimprovider.yml
Loaded yml FilePath: rules\alert-rules\sigma\win_susp_registration_via_cscript.yml
Loaded yml FilePath: rules\alert-rules\sigma\win_susp_regsvr32_anomalies.yml
Loaded yml FilePath: rules\alert-rules\sigma\win_susp_regsvr32_flags_anomaly.yml
Loaded yml FilePath: rules\alert-rules\sigma\win_susp_regsvr32_no_dll.yml
Loaded yml FilePath: rules\alert-rules\sigma\win_susp_reg_disable_sec_services.yml
Loaded yml FilePath: rules\alert-rules\sigma\win_susp_renamed_dctask64.yml
Loaded yml FilePath: rules\alert-rules\sigma\win_susp_renamed_debugview.yml
Loaded yml FilePath: rules\alert-rules\sigma\win_susp_renamed_paexec.yml
Loaded yml FilePath: rules\alert-rules\sigma\win_susp_rottenpotato.yml
Loaded yml FilePath: rules\alert-rules\sigma\win_susp_rpcping.yml
Loaded yml FilePath: rules\alert-rules\sigma\win_susp_rundll32_activity.yml
Loaded yml FilePath: rules\alert-rules\sigma\win_susp_rundll32_by_ordinal.yml
Loaded yml FilePath: rules\alert-rules\sigma\win_susp_rundll32_inline_vbs.yml
Loaded yml FilePath: rules\alert-rules\sigma\win_susp_rundll32_no_params.yml
Loaded yml FilePath: rules\alert-rules\sigma\win_susp_rundll32_setupapi_installhinfsection.yml
Loaded yml FilePath: rules\alert-rules\sigma\win_susp_rundll32_sys.yml
Loaded yml FilePath: rules\alert-rules\sigma\win_susp_runonce_execution.yml
Loaded yml FilePath: rules\alert-rules\sigma\win_susp_runscripthelper.yml
Loaded yml FilePath: rules\alert-rules\sigma\win_susp_run_locations.yml
Loaded yml FilePath: rules\alert-rules\sigma\win_susp_sam_dump.yml
Loaded yml FilePath: rules\alert-rules\sigma\win_susp_schtask_creation.yml
Loaded yml FilePath: rules\alert-rules\sigma\win_susp_schtask_creation_temp_folder.yml
Loaded yml FilePath: rules\alert-rules\sigma\win_susp_screenconnect_access.yml
Loaded yml FilePath: rules\alert-rules\sigma\win_susp_screensaver_reg.yml
Loaded yml FilePath: rules\alert-rules\sigma\win_susp_script_execution.yml
Loaded yml FilePath: rules\alert-rules\sigma\win_susp_script_exec_from_temp.yml
Loaded yml FilePath: rules\alert-rules\sigma\win_susp_sdelete.yml
Loaded yml FilePath: rules\alert-rules\sigma\win_susp_service_dacl_modification.yml
Loaded yml FilePath: rules\alert-rules\sigma\win_susp_service_dir.yml
Loaded yml FilePath: rules\alert-rules\sigma\win_susp_service_path_modification.yml
Loaded yml FilePath: rules\alert-rules\sigma\win_susp_servu_exploitation_cve_2021_35211.yml
Loaded yml FilePath: rules\alert-rules\sigma\win_susp_servu_process_pattern.yml
Loaded yml FilePath: rules\alert-rules\sigma\win_susp_shell_spawn_from_mssql.yml
Loaded yml FilePath: rules\alert-rules\sigma\win_susp_shell_spawn_from_winrm.yml
Loaded yml FilePath: rules\alert-rules\sigma\win_susp_shimcache_flush.yml
Loaded yml FilePath: rules\alert-rules\sigma\win_susp_splwow64.yml
Loaded yml FilePath: rules\alert-rules\sigma\win_susp_spoolsv_child_processes.yml
Loaded yml FilePath: rules\alert-rules\sigma\win_susp_sqldumper_activity.yml
Loaded yml FilePath: rules\alert-rules\sigma\win_susp_squirrel_lolbin.yml
Loaded yml FilePath: rules\alert-rules\sigma\win_susp_svchost.yml
Loaded yml FilePath: rules\alert-rules\sigma\win_susp_svchost_clfsw32.yml
Loaded yml FilePath: rules\alert-rules\sigma\win_susp_svchost_no_cli.yml
Loaded yml FilePath: rules\alert-rules\sigma\win_susp_sysprep_appdata.yml
Loaded yml FilePath: rules\alert-rules\sigma\win_susp_sysvol_access.yml
Loaded yml FilePath: rules\alert-rules\sigma\win_susp_taskmgr_localsystem.yml
Loaded yml FilePath: rules\alert-rules\sigma\win_susp_taskmgr_parent.yml
Loaded yml FilePath: rules\alert-rules\sigma\win_susp_time_modification.yml
Loaded yml FilePath: rules\alert-rules\sigma\win_susp_tracker_execution.yml
Loaded yml FilePath: rules\alert-rules\sigma\win_susp_tscon_localsystem.yml
Loaded yml FilePath: rules\alert-rules\sigma\win_susp_tscon_rdp_redirect.yml
Loaded yml FilePath: rules\alert-rules\sigma\win_susp_uac_bypass_trustedpath.yml
Loaded yml FilePath: rules\alert-rules\sigma\win_susp_userinit_child.yml
Loaded yml FilePath: rules\alert-rules\sigma\win_susp_use_of_csharp_console.yml
Loaded yml FilePath: rules\alert-rules\sigma\win_susp_use_of_sqlps_bin.yml
Loaded yml FilePath: rules\alert-rules\sigma\win_susp_use_of_sqltoolsps_bin.yml
Loaded yml FilePath: rules\alert-rules\sigma\win_susp_use_of_te_bin.yml
Loaded yml FilePath: rules\alert-rules\sigma\win_susp_use_of_vsjitdebugger_bin.yml
Loaded yml FilePath: rules\alert-rules\sigma\win_susp_vboxdrvinst.yml
Loaded yml FilePath: rules\alert-rules\sigma\win_susp_vbscript_unc2452.yml
Loaded yml FilePath: rules\alert-rules\sigma\win_susp_volsnap_disable.yml
Loaded yml FilePath: rules\alert-rules\sigma\win_susp_vssadmin_ntds_activity.yml
Loaded yml FilePath: rules\alert-rules\sigma\win_susp_whoami.yml
Loaded yml FilePath: rules\alert-rules\sigma\win_susp_whoami_anomaly.yml
Loaded yml FilePath: rules\alert-rules\sigma\win_susp_winrm_awl_bypass.yml
Loaded yml FilePath: rules\alert-rules\sigma\win_susp_winrm_execution.yml
Loaded yml FilePath: rules\alert-rules\sigma\win_susp_wmic_eventconsumer_create.yml
Loaded yml FilePath: rules\alert-rules\sigma\win_susp_wmic_proc_create_rundll32.yml
Loaded yml FilePath: rules\alert-rules\sigma\win_susp_wmic_security_product_uninstall.yml
Loaded yml FilePath: rules\alert-rules\sigma\win_susp_wmi_execution.yml
Loaded yml FilePath: rules\alert-rules\sigma\win_susp_wmi_login.yml
Loaded yml FilePath: rules\alert-rules\sigma\win_susp_workfolders.yml
Loaded yml FilePath: rules\alert-rules\sigma\win_susp_wsl_lolbin.yml
Loaded yml FilePath: rules\alert-rules\sigma\win_susp_wuauclt.yml
Loaded yml FilePath: rules\alert-rules\sigma\win_sus_auditpol_usage.yml
Loaded yml FilePath: rules\alert-rules\sigma\win_svcctl_remote_service.yml
Loaded yml FilePath: rules\alert-rules\sigma\win_syskey_registry_access.yml
Loaded yml FilePath: rules\alert-rules\sigma\win_sysmon_channel_reference_deletion.yml
Loaded yml FilePath: rules\alert-rules\sigma\win_sysmon_driver_unload.yml
Loaded yml FilePath: rules\alert-rules\sigma\win_system_defender_disabled.yml
Loaded yml FilePath: rules\alert-rules\sigma\win_system_exe_anomaly.yml
Loaded yml FilePath: rules\alert-rules\sigma\win_system_susp_eventlog_cleared.yml
Loaded yml FilePath: rules\alert-rules\sigma\win_tap_driver_installation.yml
Loaded yml FilePath: rules\alert-rules\sigma\win_tap_installer_execution.yml
Loaded yml FilePath: rules\alert-rules\sigma\win_task_folder_evasion.yml
Loaded yml FilePath: rules\alert-rules\sigma\win_termserv_proc_spawn.yml
Loaded yml FilePath: rules\alert-rules\sigma\win_tools_relay_attacks.yml
Loaded yml FilePath: rules\alert-rules\sigma\win_tool_psexec.yml
Loaded yml FilePath: rules\alert-rules\sigma\win_transferring_files_with_credential_data_via_network_shares.yml
Loaded yml FilePath: rules\alert-rules\sigma\win_trust_discovery.yml
Loaded yml FilePath: rules\alert-rules\sigma\win_uac_bypass_changepk_slui.yml
Loaded yml FilePath: rules\alert-rules\sigma\win_uac_bypass_cleanmgr.yml
Loaded yml FilePath: rules\alert-rules\sigma\win_uac_bypass_computerdefaults.yml
Loaded yml FilePath: rules\alert-rules\sigma\win_uac_bypass_consent_comctl32.yml
Loaded yml FilePath: rules\alert-rules\sigma\win_uac_bypass_dismhost.yml
Loaded yml FilePath: rules\alert-rules\sigma\win_uac_bypass_ieinstal.yml
Loaded yml FilePath: rules\alert-rules\sigma\win_uac_bypass_msconfig_gui.yml
Loaded yml FilePath: rules\alert-rules\sigma\win_uac_bypass_ntfs_reparse_point.yml
Loaded yml FilePath: rules\alert-rules\sigma\win_uac_bypass_pkgmgr_dism.yml
Loaded yml FilePath: rules\alert-rules\sigma\win_uac_bypass_winsat.yml
Loaded yml FilePath: rules\alert-rules\sigma\win_uac_bypass_wmp.yml
Loaded yml FilePath: rules\alert-rules\sigma\win_uac_bypass_wsreset.yml
Loaded yml FilePath: rules\alert-rules\sigma\win_uac_cmstp.yml
Loaded yml FilePath: rules\alert-rules\sigma\win_uac_fodhelper.yml
Loaded yml FilePath: rules\alert-rules\sigma\win_uac_wsreset.yml
Loaded yml FilePath: rules\alert-rules\sigma\win_usb_device_plugged.yml
Loaded yml FilePath: rules\alert-rules\sigma\win_user_couldnt_call_privileged_service_lsaregisterlogonprocess.yml
Loaded yml FilePath: rules\alert-rules\sigma\win_user_driver_loaded.yml
Loaded yml FilePath: rules\alert-rules\sigma\win_using_sc_to_change_sevice_image_path_by_non_admin.yml
Loaded yml FilePath: rules\alert-rules\sigma\win_using_settingsynchost_as_lolbin.yml
Loaded yml FilePath: rules\alert-rules\sigma\win_verclsid_runs_com.yml
Loaded yml FilePath: rules\alert-rules\sigma\win_visual_basic_compiler.yml
Loaded yml FilePath: rules\alert-rules\sigma\win_volume_shadow_copy_mount.yml
Loaded yml FilePath: rules\alert-rules\sigma\win_vssaudit_secevent_source_registration.yml
Loaded yml FilePath: rules\alert-rules\sigma\win_vul_cve_2020_0688.yml
Loaded yml FilePath: rules\alert-rules\sigma\win_vul_cve_2020_1472.yml
Loaded yml FilePath: rules\alert-rules\sigma\win_vul_java_remote_debugging.yml
Loaded yml FilePath: rules\alert-rules\sigma\win_webshell_detection.yml
Loaded yml FilePath: rules\alert-rules\sigma\win_webshell_recon_detection.yml
Loaded yml FilePath: rules\alert-rules\sigma\win_webshell_spawn.yml
Loaded yml FilePath: rules\alert-rules\sigma\win_whoami_as_system.yml
Loaded yml FilePath: rules\alert-rules\sigma\win_whoami_priv.yml
Loaded yml FilePath: rules\alert-rules\sigma\win_win10_sched_task_0day.yml
Loaded yml FilePath: rules\alert-rules\sigma\win_winword_dll_load.yml
Loaded yml FilePath: rules\alert-rules\sigma\win_wmiprvse_spawning_process.yml
Loaded yml FilePath: rules\alert-rules\sigma\win_wmiprvse_wbemcomn_dll_hijack.yml
Loaded yml FilePath: rules\alert-rules\sigma\win_wmi_backdoor_exchange_transport_agent.yml
Loaded yml FilePath: rules\alert-rules\sigma\win_wmi_persistence.yml
Loaded yml FilePath: rules\alert-rules\sigma\win_wmi_persistence_script_event_consumer.yml
Loaded yml FilePath: rules\alert-rules\sigma\win_wmi_spwns_powershell.yml
Loaded yml FilePath: rules\alert-rules\sigma\win_workflow_compiler.yml
Loaded yml FilePath: rules\alert-rules\sigma\win_write_protect_for_storage_disabled.yml
Loaded yml FilePath: rules\alert-rules\sigma\win_wsreset_uac_bypass.yml
Loaded yml FilePath: rules\alert-rules\sigma\win_xsl_script_processing.yml
Loaded yml FilePath: rules\timeline-rules\Logons\4624-Logon-Type-0-System.yml
Loaded yml FilePath: rules\timeline-rules\Logons\4624-Logon-Type-10-RemoteInteractive.yml
Loaded yml FilePath: rules\timeline-rules\Logons\4624-Logon-Type-11-CachedInteractive.yml
Loaded yml FilePath: rules\timeline-rules\Logons\4624-Logon-Type-12-CachedRemoteInteractive.yml
Loaded yml FilePath: rules\timeline-rules\Logons\4624-Logon-Type-13-CachedUnlock.yml
Loaded yml FilePath: rules\timeline-rules\Logons\4624-Logon-Type-2-Interactive.yml
Loaded yml FilePath: rules\timeline-rules\Logons\4624-Logon-Type-3-Network.yml
Loaded yml FilePath: rules\timeline-rules\Logons\4624-Logon-Type-4-Batch.yml
Loaded yml FilePath: rules\timeline-rules\Logons\4624-Logon-Type-5-Service.yml
Loaded yml FilePath: rules\timeline-rules\Logons\4624-Logon-Type-7-Unlock.yml
Loaded yml FilePath: rules\timeline-rules\Logons\4624-Logon-Type-8-NetworkCleartext.yml
Loaded yml FilePath: rules\timeline-rules\Logons\4624-Logon-Type-9-NewInteractive.yml
Loaded yml FilePath: rules\timeline-rules\Logons\4625-Logon-Failure.yml
Loaded yml FilePath: rules\timeline-rules\Logons\4634-Logoff.yml
Loaded yml FilePath: rules\timeline-rules\Logons\4647-Logoff-User-Initiated.yml
Loaded yml FilePath: rules\timeline-rules\Logons\4672-Admin-Logon.yml
Loaded yml FilePath: rules\timeline-rules\Logons\4768-Kerberos-TGT-Request.yml
Loaded yml FilePath: rules\timeline-rules\Logons\4769-Kerberos-Service-Ticket-Request.yml
Loaded yml FilePath: rules\timeline-rules\Logons\4776-NTLM-Logon-to-Local-Account.yml
Loaded yml FilePath: rules\4625.yml




























































check target evtx FilePath: "..\\test_files\\asreproasting.evtx"
check target evtx FilePath: "..\\test_files\\kerberoasting.evtx"
check target evtx FilePath: "..\\test_files\\remote_pwd_reset_rpc_mimikatz_postzerologon_target_DC.evtx"

Time,Filepath,Rulepath,Level,Computername,Eventid,Alert,Details
2020-09-17 19:57:37.013 +09:00,..\test_files\remote_pwd_reset_rpc_mimikatz_postzerologon_target_DC,rules\alert-rules\hayabusa\Security\1102_T1070.001_SecurityLogCleared.yml,high,01566s-win16-ir.threebeesco.com,1102,Security log was cleared,User: a-jbrown
2020-09-17 19:57:44.254 +09:00,..\test_files\remote_pwd_reset_rpc_mimikatz_postzerologon_target_DC,rules\timeline-rules\Logons\4776-NTLM-Logon-to-Local-Account.yml,informational,01566s-win16-ir.threebeesco.com,4776,NTLM Logon to Local Account,User: Administrator  :  Workstation   :  Status: 0x0
2020-09-17 19:57:44.270 +09:00,..\test_files\remote_pwd_reset_rpc_mimikatz_postzerologon_target_DC,rules\timeline-rules\Logons\4624-Logon-Type-3-Network.yml,informational,01566s-win16-ir.threebeesco.com,4624,Logon Type 3 - Network,User: Administrator  :  Workstation: 02694W-WIN10  :  IP Address: 172.16.66.37  :  Port: %IpPort%  :  LogonID: 0x853237
2021-04-29 16:55:53.423 +09:00,..\test_files\asreproasting,rules\alert-rules\hayabusa\Security\1102_T1070.001_SecurityLogCleared.yml,high,DC-Server-1.labcorp.local,1102,Security log was cleared,User: Administrator
2021-04-29 16:56:26.433 +09:00,..\test_files\asreproasting,rules\timeline-rules\Logons\4769-Kerberos-Service-Ticket-Request.yml,informational,DC-Server-1.labcorp.local,4769,Kerberos Service Ticket Requested,User: Bob@LABCORP.LOCAL  :  Service: DC-SERVER-1$  :  IP Address: ::ffff:192.168.1.2  :  Status: 0x0
2021-04-29 16:56:26.435 +09:00,..\test_files\asreproasting,rules\timeline-rules\Logons\4672-Admin-Logon.yml,informational,DC-Server-1.labcorp.local,4672,Admin Logon,User: Bob  :  LogonID: 0xc66373
2021-04-29 16:56:26.436 +09:00,..\test_files\asreproasting,rules\timeline-rules\Logons\4624-Logon-Type-3-Network.yml,informational,DC-Server-1.labcorp.local,4624,Logon Type 3 - Network,User: Bob  :  Workstation:   :  IP Address: 192.168.1.2  :  Port: %IpPort%  :  LogonID: 0xc66373
2021-04-29 16:56:26.681 +09:00,..\test_files\asreproasting,rules\timeline-rules\Logons\4769-Kerberos-Service-Ticket-Request.yml,informational,DC-Server-1.labcorp.local,4769,Kerberos Service Ticket Requested,User: Bob@LABCORP.LOCAL  :  Service: DC-SERVER-1$  :  IP Address: ::ffff:192.168.1.2  :  Status: 0x0
2021-04-29 16:56:26.683 +09:00,..\test_files\asreproasting,rules\timeline-rules\Logons\4672-Admin-Logon.yml,informational,DC-Server-1.labcorp.local,4672,Admin Logon,User: Bob  :  LogonID: 0xc66389
2021-04-29 16:56:26.683 +09:00,..\test_files\asreproasting,rules\timeline-rules\Logons\4624-Logon-Type-3-Network.yml,informational,DC-Server-1.labcorp.local,4624,Logon Type 3 - Network,User: Bob  :  Workstation:   :  IP Address: 192.168.1.2  :  Port: %IpPort%  :  LogonID: 0xc66389
2021-04-29 16:56:26.869 +09:00,..\test_files\asreproasting,rules\alert-rules\hayabusa\Security\4768_T1558.004_AS-REP-Roasting.yml,high,DC-Server-1.labcorp.local,4768,Possible AS-REP Roasting,Possible AS-REP Roasting
2021-04-29 16:56:26.869 +09:00,..\test_files\asreproasting,rules\timeline-rules\Logons\4768-Kerberos-TGT-Request.yml,informational,DC-Server-1.labcorp.local,4768,Kerberos TGT was requested,User: Alice  :  Service: krbtgt  :  IP Address: ::ffff:192.168.1.2  :  Status: 0x0  :  PreAuthType: 0
2021-04-29 16:56:26.980 +09:00,..\test_files\asreproasting,rules\timeline-rules\Logons\4634-Logoff.yml,informational,DC-Server-1.labcorp.local,4634,Logoff,Username: Bob  :  LogonID: 0xc66389
2021-04-29 16:58:02.652 +09:00,..\test_files\asreproasting,rules\timeline-rules\Logons\4624-Logon-Type-3-Network.yml,informational,DC-Server-1.labcorp.local,4624,Logon Type 3 - Network,User: DC-SERVER-1$  :  Workstation:   :  IP Address: fe80::e50e:b89e:4718:3aa  :  Port: %IpPort%  :  LogonID: 0xc712f1
2021-04-29 16:58:02.666 +09:00,..\test_files\asreproasting,rules\timeline-rules\Logons\4624-Logon-Type-3-Network.yml,informational,DC-Server-1.labcorp.local,4624,Logon Type 3 - Network,User: DC-SERVER-1$  :  Workstation:   :  IP Address: 192.168.1.100  :  Port: %IpPort%  :  LogonID: 0xc7142b
2021-04-29 16:58:02.761 +09:00,..\test_files\asreproasting,rules\timeline-rules\Logons\4624-Logon-Type-3-Network.yml,informational,DC-Server-1.labcorp.local,4624,Logon Type 3 - Network,User: DC-SERVER-1$  :  Workstation:   :  IP Address: fe80::e50e:b89e:4718:3aa  :  Port: %IpPort%  :  LogonID: 0xc714d9
2021-04-29 16:58:28.422 +09:00,..\test_files\asreproasting,rules\timeline-rules\Logons\4769-Kerberos-Service-Ticket-Request.yml,informational,DC-Server-1.labcorp.local,4769,Kerberos Service Ticket Requested,User: DC-SERVER-1$@LABCORP.LOCAL  :  Service: DC-SERVER-1$  :  IP Address: ::1  :  Status: 0x0
2021-04-29 16:58:28.425 +09:00,..\test_files\asreproasting,rules\timeline-rules\Logons\4624-Logon-Type-3-Network.yml,informational,DC-Server-1.labcorp.local,4624,Logon Type 3 - Network,User: DC-SERVER-1$  :  Workstation:   :  IP Address: fe80::e50e:b89e:4718:3aa  :  Port: %IpPort%  :  LogonID: 0xc7313f
2021-04-29 16:59:42.537 +09:00,..\test_files\asreproasting,rules\timeline-rules\Logons\4624-Logon-Type-3-Network.yml,informational,DC-Server-1.labcorp.local,4624,Logon Type 3 - Network,User: DC-SERVER-1$  :  Workstation:   :  IP Address: fe80::e50e:b89e:4718:3aa  :  Port: %IpPort%  :  LogonID: 0xc7adb8
2021-04-29 16:59:42.545 +09:00,..\test_files\asreproasting,rules\timeline-rules\Logons\4624-Logon-Type-3-Network.yml,informational,DC-Server-1.labcorp.local,4624,Logon Type 3 - Network,User: DC-SERVER-1$  :  Workstation:   :  IP Address: fe80::e50e:b89e:4718:3aa  :  Port: %IpPort%  :  LogonID: 0xc7ae25
2021-04-29 18:23:54.244 +09:00,..\test_files\kerberoasting,rules\alert-rules\hayabusa\Security\1102_T1070.001_SecurityLogCleared.yml,high,DC-Server-1.labcorp.local,1102,Security log was cleared,User: Administrator
2021-04-29 18:23:58.690 +09:00,..\test_files\kerberoasting,rules\timeline-rules\Logons\4776-NTLM-Logon-to-Local-Account.yml,informational,DC-Server-1.labcorp.local,4776,NTLM Logon to Local Account,User: Alice  :  Workstation   :  Status: 0x0
2021-04-29 18:23:58.691 +09:00,..\test_files\kerberoasting,rules\timeline-rules\Logons\4624-Logon-Type-3-Network.yml,informational,DC-Server-1.labcorp.local,4624,Logon Type 3 - Network,User: Alice  :  Workstation:   :  IP Address: 192.168.1.200  :  Port: %IpPort%  :  LogonID: 0x27d676
2021-04-29 18:23:58.718 +09:00,..\test_files\kerberoasting,rules\alert-rules\hayabusa\Security\4768_T1558.003_Kerberoasting.yml,high,DC-Server-1.labcorp.local,4768,Kerberoasting,Possible Kerberoasting Risk Activity.
2021-04-29 18:23:58.718 +09:00,..\test_files\kerberoasting,rules\timeline-rules\Logons\4768-Kerberos-TGT-Request.yml,informational,DC-Server-1.labcorp.local,4768,Kerberos TGT was requested,User: Alice  :  Service: krbtgt  :  IP Address: ::ffff:192.168.1.200  :  Status: 0x0  :  PreAuthType: 2
2021-04-29 18:23:58.726 +09:00,..\test_files\kerberoasting,rules\timeline-rules\Logons\4769-Kerberos-Service-Ticket-Request.yml,informational,DC-Server-1.labcorp.local,4769,Kerberos Service Ticket Requested,User: Alice@LABCORP.LOCAL  :  Service: sql101  :  IP Address: ::ffff:192.168.1.200  :  Status: 0x0
2021-04-29 18:23:58.735 +09:00,..\test_files\kerberoasting,rules\timeline-rules\Logons\4634-Logoff.yml,informational,DC-Server-1.labcorp.local,4634,Logoff,Username: Alice  :  LogonID: 0x27d676

Events Detected:27
Elapsed Time: 00:00:04.103

