・ｿ笆遺毎笊・ 笆遺毎笊・笆遺毎笆遺毎笆遺風 笆遺毎笊・  笆遺毎笊・笆遺毎笆遺毎笆遺風 笆遺毎笆遺毎笆遺毎笊・笆遺毎笊・  笆遺毎笊冷毎笆遺毎笆遺毎笆遺毎笊・笆遺毎笆遺毎笆遺風 
笆遺毎笊・ 笆遺毎笊鯛毎笆遺部笊絶武笆遺毎笊冷伏笆遺毎笊・笆遺毎笊披幅笆遺毎笊披武笊絶毎笆遺風笆遺毎笊披武笊絶毎笆遺風笆遺毎笊・  笆遺毎笊鯛毎笆遺部笊絶武笊絶武笊昶毎笆遺部笊絶武笆遺毎笊・
笆遺毎笆遺毎笆遺毎笆遺舞笆遺毎笆遺毎笆遺毎笆遺舞 笊壺毎笆遺毎笆遺部笊・笆遺毎笆遺毎笆遺毎笆遺舞笆遺毎笆遺毎笆遺毎笊披幅笆遺毎笊・  笆遺毎笊鯛毎笆遺毎笆遺毎笆遺毎笊冷毎笆遺毎笆遺毎笆遺毎笊・
笆遺毎笊披武笊絶毎笆遺舞笆遺毎笊披武笊絶毎笆遺舞  笊壺毎笆遺部笊・ 笆遺毎笊披武笊絶毎笆遺舞笆遺毎笊披武笊絶毎笆遺風笆遺毎笊・  笆遺毎笊鯛伏笊絶武笊絶武笆遺毎笊鯛毎笆遺部笊絶武笆遺毎笊・
笆遺毎笊・ 笆遺毎笊鯛毎笆遺舞  笆遺毎笊・  笆遺毎笊・  笆遺毎笊・ 笆遺毎笊鯛毎笆遺毎笆遺毎笆遺部笊昶伏笆遺毎笆遺毎笆遺毎笊披幅笆遺毎笆遺毎笆遺毎笆遺舞笆遺毎笊・ 笆遺毎笊・
笊壺武笊・ 笊壺武笊昶伏笊絶幅  笊壺武笊・  笊壺武笊・  笊壺武笊・ 笊壺武笊昶伏笊絶武笊絶武笊絶幅  笊壺武笊絶武笊絶武笊・笊壺武笊絶武笊絶武笊絶幅笊壺武笊・ 笊壺武笊・
by Yamato Security

Analyzing Event Files: 503
other Rules: 3
Ignored Rule Count: 0
Rule Parse Errors Count: 0
Total Detection Rules: 3

Time,Computername,Eventid,Level,Alert,Details,Rulepath,Filepath
2016-09-21 01:34:04.272 +09:00,IE10Win7,104,high,System log file was cleared,User: IEUser,.\rules\hayabusa\alerts\System\104_IndicatorRemovalOnHost-ClearWindowsEventLogs_SystemLogCleared.yml,.\sample-evtx\DeepBlueCLI\metasploit-psexec-powershell-target-system.evtx
2016-09-21 12:40:41.865 +09:00,IE10Win7,104,high,System log file was cleared,User: IEUser,.\rules\hayabusa\alerts\System\104_IndicatorRemovalOnHost-ClearWindowsEventLogs_SystemLogCleared.yml,.\sample-evtx\DeepBlueCLI\metasploit-psexec-native-target-system.evtx
2019-03-20 08:34:25.894 +09:00,PC01.example.corp,104,high,System log file was cleared,User: user01,.\rules\hayabusa\alerts\System\104_IndicatorRemovalOnHost-ClearWindowsEventLogs_SystemLogCleared.yml,.\sample-evtx\EVTX-ATTACK-SAMPLES\Defense Evasion\DE_104_system_log_cleared.evtx
2019-04-28 06:04:25.733 +09:00,DESKTOP-JR78RLP,104,high,System log file was cleared,User: jwrig,.\rules\hayabusa\alerts\System\104_IndicatorRemovalOnHost-ClearWindowsEventLogs_SystemLogCleared.yml,.\sample-evtx\DeepBlueCLI\disablestop-eventlog.evtx
2020-07-12 06:49:56.318 +09:00,fs02.offsec.lan,104,high,System log file was cleared,User: admmig,.\rules\hayabusa\alerts\System\104_IndicatorRemovalOnHost-ClearWindowsEventLogs_SystemLogCleared.yml,.\sample-evtx\EVTX-to-MITRE-Attack\TA0003-Persistence\T1543.003-Create or Modify System Process-Windows Service\ID7045-Random service installation.evtx
2020-09-16 04:28:31.453 +09:00,01566s-win16-ir.threebeesco.com,104,high,System log file was cleared,User: a-jbrown,.\rules\hayabusa\alerts\System\104_IndicatorRemovalOnHost-ClearWindowsEventLogs_SystemLogCleared.yml,.\sample-evtx\EVTX-ATTACK-SAMPLES\Credential Access\Zerologon_CVE-2020-1472_DFIR_System_NetLogon_Error_EventID_5805.evtx
2021-04-21 18:27:51.181 +09:00,jump01.offsec.lan,104,high,System log file was cleared,User: admmig,.\rules\hayabusa\alerts\System\104_IndicatorRemovalOnHost-ClearWindowsEventLogs_SystemLogCleared.yml,.\sample-evtx\EVTX-to-MITRE-Attack\TA0003-Persistence\T1543.003-Create or Modify System Process-Windows Service\ID7045-7036 PSexec service installation.evtx
2021-10-26 03:04:30.334 +09:00,FS03.offsec.lan,104,high,System log file was cleared,User: admmig,.\rules\hayabusa\alerts\System\104_IndicatorRemovalOnHost-ClearWindowsEventLogs_SystemLogCleared.yml,.\sample-evtx\EVTX-to-MITRE-Attack\TA0005-Defense Evasion\T1070.001-Clear Windows event logs\ID104-1102-Event log cleared.evtx
2021-10-26 03:11:09.002 +09:00,FS03.offsec.lan,104,high,System log file was cleared,User: admmig,.\rules\hayabusa\alerts\System\104_IndicatorRemovalOnHost-ClearWindowsEventLogs_SystemLogCleared.yml,.\sample-evtx\EVTX-to-MITRE-Attack\TA0005-Defense Evasion\T1070.001-Clear Windows event logs\ID104-1102-Event log cleared.evtx
2021-10-26 03:11:09.080 +09:00,FS03.offsec.lan,104,high,System log file was cleared,User: admmig,.\rules\hayabusa\alerts\System\104_IndicatorRemovalOnHost-ClearWindowsEventLogs_SystemLogCleared.yml,.\sample-evtx\EVTX-to-MITRE-Attack\TA0005-Defense Evasion\T1070.001-Clear Windows event logs\ID104-1102-Event log cleared.evtx
2021-10-26 03:11:09.095 +09:00,FS03.offsec.lan,104,high,System log file was cleared,User: admmig,.\rules\hayabusa\alerts\System\104_IndicatorRemovalOnHost-ClearWindowsEventLogs_SystemLogCleared.yml,.\sample-evtx\EVTX-to-MITRE-Attack\TA0005-Defense Evasion\T1070.001-Clear Windows event logs\ID104-1102-Event log cleared.evtx
2021-10-26 03:11:09.127 +09:00,FS03.offsec.lan,104,high,System log file was cleared,User: admmig,.\rules\hayabusa\alerts\System\104_IndicatorRemovalOnHost-ClearWindowsEventLogs_SystemLogCleared.yml,.\sample-evtx\EVTX-to-MITRE-Attack\TA0005-Defense Evasion\T1070.001-Clear Windows event logs\ID104-1102-Event log cleared.evtx
2021-10-26 03:11:09.142 +09:00,FS03.offsec.lan,104,high,System log file was cleared,User: admmig,.\rules\hayabusa\alerts\System\104_IndicatorRemovalOnHost-ClearWindowsEventLogs_SystemLogCleared.yml,.\sample-evtx\EVTX-to-MITRE-Attack\TA0005-Defense Evasion\T1070.001-Clear Windows event logs\ID104-1102-Event log cleared.evtx
2021-10-26 03:11:09.215 +09:00,FS03.offsec.lan,104,high,System log file was cleared,User: admmig,.\rules\hayabusa\alerts\System\104_IndicatorRemovalOnHost-ClearWindowsEventLogs_SystemLogCleared.yml,.\sample-evtx\EVTX-to-MITRE-Attack\TA0005-Defense Evasion\T1070.001-Clear Windows event logs\ID104-1102-Event log cleared.evtx
2021-10-26 03:11:09.293 +09:00,FS03.offsec.lan,104,high,System log file was cleared,User: admmig,.\rules\hayabusa\alerts\System\104_IndicatorRemovalOnHost-ClearWindowsEventLogs_SystemLogCleared.yml,.\sample-evtx\EVTX-to-MITRE-Attack\TA0005-Defense Evasion\T1070.001-Clear Windows event logs\ID104-1102-Event log cleared.evtx
2021-10-26 03:11:09.340 +09:00,FS03.offsec.lan,104,high,System log file was cleared,User: admmig,.\rules\hayabusa\alerts\System\104_IndicatorRemovalOnHost-ClearWindowsEventLogs_SystemLogCleared.yml,.\sample-evtx\EVTX-to-MITRE-Attack\TA0005-Defense Evasion\T1070.001-Clear Windows event logs\ID104-1102-Event log cleared.evtx
2021-10-26 03:11:09.355 +09:00,FS03.offsec.lan,104,high,System log file was cleared,User: admmig,.\rules\hayabusa\alerts\System\104_IndicatorRemovalOnHost-ClearWindowsEventLogs_SystemLogCleared.yml,.\sample-evtx\EVTX-to-MITRE-Attack\TA0005-Defense Evasion\T1070.001-Clear Windows event logs\ID104-1102-Event log cleared.evtx
2021-10-26 03:11:09.418 +09:00,FS03.offsec.lan,104,high,System log file was cleared,User: admmig,.\rules\hayabusa\alerts\System\104_IndicatorRemovalOnHost-ClearWindowsEventLogs_SystemLogCleared.yml,.\sample-evtx\EVTX-to-MITRE-Attack\TA0005-Defense Evasion\T1070.001-Clear Windows event logs\ID104-1102-Event log cleared.evtx
2021-10-26 03:11:09.480 +09:00,FS03.offsec.lan,104,high,System log file was cleared,User: admmig,.\rules\hayabusa\alerts\System\104_IndicatorRemovalOnHost-ClearWindowsEventLogs_SystemLogCleared.yml,.\sample-evtx\EVTX-to-MITRE-Attack\TA0005-Defense Evasion\T1070.001-Clear Windows event logs\ID104-1102-Event log cleared.evtx
2021-10-26 03:11:09.527 +09:00,FS03.offsec.lan,104,high,System log file was cleared,User: admmig,.\rules\hayabusa\alerts\System\104_IndicatorRemovalOnHost-ClearWindowsEventLogs_SystemLogCleared.yml,.\sample-evtx\EVTX-to-MITRE-Attack\TA0005-Defense Evasion\T1070.001-Clear Windows event logs\ID104-1102-Event log cleared.evtx
2021-10-26 03:11:09.574 +09:00,FS03.offsec.lan,104,high,System log file was cleared,User: admmig,.\rules\hayabusa\alerts\System\104_IndicatorRemovalOnHost-ClearWindowsEventLogs_SystemLogCleared.yml,.\sample-evtx\EVTX-to-MITRE-Attack\TA0005-Defense Evasion\T1070.001-Clear Windows event logs\ID104-1102-Event log cleared.evtx
2021-10-26 03:11:09.591 +09:00,FS03.offsec.lan,104,high,System log file was cleared,User: admmig,.\rules\hayabusa\alerts\System\104_IndicatorRemovalOnHost-ClearWindowsEventLogs_SystemLogCleared.yml,.\sample-evtx\EVTX-to-MITRE-Attack\TA0005-Defense Evasion\T1070.001-Clear Windows event logs\ID104-1102-Event log cleared.evtx
2021-10-26 03:11:09.606 +09:00,FS03.offsec.lan,104,high,System log file was cleared,User: admmig,.\rules\hayabusa\alerts\System\104_IndicatorRemovalOnHost-ClearWindowsEventLogs_SystemLogCleared.yml,.\sample-evtx\EVTX-to-MITRE-Attack\TA0005-Defense Evasion\T1070.001-Clear Windows event logs\ID104-1102-Event log cleared.evtx
2021-10-26 03:11:09.638 +09:00,FS03.offsec.lan,104,high,System log file was cleared,User: admmig,.\rules\hayabusa\alerts\System\104_IndicatorRemovalOnHost-ClearWindowsEventLogs_SystemLogCleared.yml,.\sample-evtx\EVTX-to-MITRE-Attack\TA0005-Defense Evasion\T1070.001-Clear Windows event logs\ID104-1102-Event log cleared.evtx
2021-10-26 03:11:09.653 +09:00,FS03.offsec.lan,104,high,System log file was cleared,User: admmig,.\rules\hayabusa\alerts\System\104_IndicatorRemovalOnHost-ClearWindowsEventLogs_SystemLogCleared.yml,.\sample-evtx\EVTX-to-MITRE-Attack\TA0005-Defense Evasion\T1070.001-Clear Windows event logs\ID104-1102-Event log cleared.evtx
2021-10-26 03:11:09.669 +09:00,FS03.offsec.lan,104,high,System log file was cleared,User: admmig,.\rules\hayabusa\alerts\System\104_IndicatorRemovalOnHost-ClearWindowsEventLogs_SystemLogCleared.yml,.\sample-evtx\EVTX-to-MITRE-Attack\TA0005-Defense Evasion\T1070.001-Clear Windows event logs\ID104-1102-Event log cleared.evtx
2021-10-26 03:11:09.747 +09:00,FS03.offsec.lan,104,high,System log file was cleared,User: admmig,.\rules\hayabusa\alerts\System\104_IndicatorRemovalOnHost-ClearWindowsEventLogs_SystemLogCleared.yml,.\sample-evtx\EVTX-to-MITRE-Attack\TA0005-Defense Evasion\T1070.001-Clear Windows event logs\ID104-1102-Event log cleared.evtx
2021-10-26 03:11:09.778 +09:00,FS03.offsec.lan,104,high,System log file was cleared,User: admmig,.\rules\hayabusa\alerts\System\104_IndicatorRemovalOnHost-ClearWindowsEventLogs_SystemLogCleared.yml,.\sample-evtx\EVTX-to-MITRE-Attack\TA0005-Defense Evasion\T1070.001-Clear Windows event logs\ID104-1102-Event log cleared.evtx
2021-10-26 03:11:09.794 +09:00,FS03.offsec.lan,104,high,System log file was cleared,User: admmig,.\rules\hayabusa\alerts\System\104_IndicatorRemovalOnHost-ClearWindowsEventLogs_SystemLogCleared.yml,.\sample-evtx\EVTX-to-MITRE-Attack\TA0005-Defense Evasion\T1070.001-Clear Windows event logs\ID104-1102-Event log cleared.evtx
2021-10-26 03:11:09.841 +09:00,FS03.offsec.lan,104,high,System log file was cleared,User: admmig,.\rules\hayabusa\alerts\System\104_IndicatorRemovalOnHost-ClearWindowsEventLogs_SystemLogCleared.yml,.\sample-evtx\EVTX-to-MITRE-Attack\TA0005-Defense Evasion\T1070.001-Clear Windows event logs\ID104-1102-Event log cleared.evtx
2021-10-26 03:11:09.856 +09:00,FS03.offsec.lan,104,high,System log file was cleared,User: admmig,.\rules\hayabusa\alerts\System\104_IndicatorRemovalOnHost-ClearWindowsEventLogs_SystemLogCleared.yml,.\sample-evtx\EVTX-to-MITRE-Attack\TA0005-Defense Evasion\T1070.001-Clear Windows event logs\ID104-1102-Event log cleared.evtx
2021-10-26 03:11:09.888 +09:00,FS03.offsec.lan,104,high,System log file was cleared,User: admmig,.\rules\hayabusa\alerts\System\104_IndicatorRemovalOnHost-ClearWindowsEventLogs_SystemLogCleared.yml,.\sample-evtx\EVTX-to-MITRE-Attack\TA0005-Defense Evasion\T1070.001-Clear Windows event logs\ID104-1102-Event log cleared.evtx
2021-10-26 03:11:09.903 +09:00,FS03.offsec.lan,104,high,System log file was cleared,User: admmig,.\rules\hayabusa\alerts\System\104_IndicatorRemovalOnHost-ClearWindowsEventLogs_SystemLogCleared.yml,.\sample-evtx\EVTX-to-MITRE-Attack\TA0005-Defense Evasion\T1070.001-Clear Windows event logs\ID104-1102-Event log cleared.evtx
2021-10-26 03:11:09.950 +09:00,FS03.offsec.lan,104,high,System log file was cleared,User: admmig,.\rules\hayabusa\alerts\System\104_IndicatorRemovalOnHost-ClearWindowsEventLogs_SystemLogCleared.yml,.\sample-evtx\EVTX-to-MITRE-Attack\TA0005-Defense Evasion\T1070.001-Clear Windows event logs\ID104-1102-Event log cleared.evtx
2021-10-26 03:11:09.997 +09:00,FS03.offsec.lan,104,high,System log file was cleared,User: admmig,.\rules\hayabusa\alerts\System\104_IndicatorRemovalOnHost-ClearWindowsEventLogs_SystemLogCleared.yml,.\sample-evtx\EVTX-to-MITRE-Attack\TA0005-Defense Evasion\T1070.001-Clear Windows event logs\ID104-1102-Event log cleared.evtx
2021-10-26 03:11:10.028 +09:00,FS03.offsec.lan,104,high,System log file was cleared,User: admmig,.\rules\hayabusa\alerts\System\104_IndicatorRemovalOnHost-ClearWindowsEventLogs_SystemLogCleared.yml,.\sample-evtx\EVTX-to-MITRE-Attack\TA0005-Defense Evasion\T1070.001-Clear Windows event logs\ID104-1102-Event log cleared.evtx
2021-10-26 03:11:10.044 +09:00,FS03.offsec.lan,104,high,System log file was cleared,User: admmig,.\rules\hayabusa\alerts\System\104_IndicatorRemovalOnHost-ClearWindowsEventLogs_SystemLogCleared.yml,.\sample-evtx\EVTX-to-MITRE-Attack\TA0005-Defense Evasion\T1070.001-Clear Windows event logs\ID104-1102-Event log cleared.evtx
2021-10-26 03:11:10.059 +09:00,FS03.offsec.lan,104,high,System log file was cleared,User: admmig,.\rules\hayabusa\alerts\System\104_IndicatorRemovalOnHost-ClearWindowsEventLogs_SystemLogCleared.yml,.\sample-evtx\EVTX-to-MITRE-Attack\TA0005-Defense Evasion\T1070.001-Clear Windows event logs\ID104-1102-Event log cleared.evtx
2021-10-26 03:11:10.075 +09:00,FS03.offsec.lan,104,high,System log file was cleared,User: admmig,.\rules\hayabusa\alerts\System\104_IndicatorRemovalOnHost-ClearWindowsEventLogs_SystemLogCleared.yml,.\sample-evtx\EVTX-to-MITRE-Attack\TA0005-Defense Evasion\T1070.001-Clear Windows event logs\ID104-1102-Event log cleared.evtx
2021-10-26 03:11:10.106 +09:00,FS03.offsec.lan,104,high,System log file was cleared,User: admmig,.\rules\hayabusa\alerts\System\104_IndicatorRemovalOnHost-ClearWindowsEventLogs_SystemLogCleared.yml,.\sample-evtx\EVTX-to-MITRE-Attack\TA0005-Defense Evasion\T1070.001-Clear Windows event logs\ID104-1102-Event log cleared.evtx
2021-10-26 03:11:10.138 +09:00,FS03.offsec.lan,104,high,System log file was cleared,User: admmig,.\rules\hayabusa\alerts\System\104_IndicatorRemovalOnHost-ClearWindowsEventLogs_SystemLogCleared.yml,.\sample-evtx\EVTX-to-MITRE-Attack\TA0005-Defense Evasion\T1070.001-Clear Windows event logs\ID104-1102-Event log cleared.evtx
2021-10-26 03:11:10.184 +09:00,FS03.offsec.lan,104,high,System log file was cleared,User: admmig,.\rules\hayabusa\alerts\System\104_IndicatorRemovalOnHost-ClearWindowsEventLogs_SystemLogCleared.yml,.\sample-evtx\EVTX-to-MITRE-Attack\TA0005-Defense Evasion\T1070.001-Clear Windows event logs\ID104-1102-Event log cleared.evtx
2021-10-26 03:11:10.200 +09:00,FS03.offsec.lan,104,high,System log file was cleared,User: admmig,.\rules\hayabusa\alerts\System\104_IndicatorRemovalOnHost-ClearWindowsEventLogs_SystemLogCleared.yml,.\sample-evtx\EVTX-to-MITRE-Attack\TA0005-Defense Evasion\T1070.001-Clear Windows event logs\ID104-1102-Event log cleared.evtx
2021-10-26 03:11:10.216 +09:00,FS03.offsec.lan,104,high,System log file was cleared,User: admmig,.\rules\hayabusa\alerts\System\104_IndicatorRemovalOnHost-ClearWindowsEventLogs_SystemLogCleared.yml,.\sample-evtx\EVTX-to-MITRE-Attack\TA0005-Defense Evasion\T1070.001-Clear Windows event logs\ID104-1102-Event log cleared.evtx
2021-10-26 03:11:10.231 +09:00,FS03.offsec.lan,104,high,System log file was cleared,User: admmig,.\rules\hayabusa\alerts\System\104_IndicatorRemovalOnHost-ClearWindowsEventLogs_SystemLogCleared.yml,.\sample-evtx\EVTX-to-MITRE-Attack\TA0005-Defense Evasion\T1070.001-Clear Windows event logs\ID104-1102-Event log cleared.evtx
2021-10-26 03:11:10.263 +09:00,FS03.offsec.lan,104,high,System log file was cleared,User: admmig,.\rules\hayabusa\alerts\System\104_IndicatorRemovalOnHost-ClearWindowsEventLogs_SystemLogCleared.yml,.\sample-evtx\EVTX-to-MITRE-Attack\TA0005-Defense Evasion\T1070.001-Clear Windows event logs\ID104-1102-Event log cleared.evtx
2021-10-26 03:11:10.294 +09:00,FS03.offsec.lan,104,high,System log file was cleared,User: admmig,.\rules\hayabusa\alerts\System\104_IndicatorRemovalOnHost-ClearWindowsEventLogs_SystemLogCleared.yml,.\sample-evtx\EVTX-to-MITRE-Attack\TA0005-Defense Evasion\T1070.001-Clear Windows event logs\ID104-1102-Event log cleared.evtx
2021-10-26 03:11:10.309 +09:00,FS03.offsec.lan,104,high,System log file was cleared,User: admmig,.\rules\hayabusa\alerts\System\104_IndicatorRemovalOnHost-ClearWindowsEventLogs_SystemLogCleared.yml,.\sample-evtx\EVTX-to-MITRE-Attack\TA0005-Defense Evasion\T1070.001-Clear Windows event logs\ID104-1102-Event log cleared.evtx
2021-10-26 03:11:10.325 +09:00,FS03.offsec.lan,104,high,System log file was cleared,User: admmig,.\rules\hayabusa\alerts\System\104_IndicatorRemovalOnHost-ClearWindowsEventLogs_SystemLogCleared.yml,.\sample-evtx\EVTX-to-MITRE-Attack\TA0005-Defense Evasion\T1070.001-Clear Windows event logs\ID104-1102-Event log cleared.evtx
2021-10-26 03:11:10.341 +09:00,FS03.offsec.lan,104,high,System log file was cleared,User: admmig,.\rules\hayabusa\alerts\System\104_IndicatorRemovalOnHost-ClearWindowsEventLogs_SystemLogCleared.yml,.\sample-evtx\EVTX-to-MITRE-Attack\TA0005-Defense Evasion\T1070.001-Clear Windows event logs\ID104-1102-Event log cleared.evtx
2021-10-26 03:11:10.356 +09:00,FS03.offsec.lan,104,high,System log file was cleared,User: admmig,.\rules\hayabusa\alerts\System\104_IndicatorRemovalOnHost-ClearWindowsEventLogs_SystemLogCleared.yml,.\sample-evtx\EVTX-to-MITRE-Attack\TA0005-Defense Evasion\T1070.001-Clear Windows event logs\ID104-1102-Event log cleared.evtx
2021-10-26 03:11:10.403 +09:00,FS03.offsec.lan,104,high,System log file was cleared,User: admmig,.\rules\hayabusa\alerts\System\104_IndicatorRemovalOnHost-ClearWindowsEventLogs_SystemLogCleared.yml,.\sample-evtx\EVTX-to-MITRE-Attack\TA0005-Defense Evasion\T1070.001-Clear Windows event logs\ID104-1102-Event log cleared.evtx
2021-10-26 03:11:10.419 +09:00,FS03.offsec.lan,104,high,System log file was cleared,User: admmig,.\rules\hayabusa\alerts\System\104_IndicatorRemovalOnHost-ClearWindowsEventLogs_SystemLogCleared.yml,.\sample-evtx\EVTX-to-MITRE-Attack\TA0005-Defense Evasion\T1070.001-Clear Windows event logs\ID104-1102-Event log cleared.evtx
2021-10-26 03:11:10.434 +09:00,FS03.offsec.lan,104,high,System log file was cleared,User: admmig,.\rules\hayabusa\alerts\System\104_IndicatorRemovalOnHost-ClearWindowsEventLogs_SystemLogCleared.yml,.\sample-evtx\EVTX-to-MITRE-Attack\TA0005-Defense Evasion\T1070.001-Clear Windows event logs\ID104-1102-Event log cleared.evtx
2021-10-26 03:11:10.450 +09:00,FS03.offsec.lan,104,high,System log file was cleared,User: admmig,.\rules\hayabusa\alerts\System\104_IndicatorRemovalOnHost-ClearWindowsEventLogs_SystemLogCleared.yml,.\sample-evtx\EVTX-to-MITRE-Attack\TA0005-Defense Evasion\T1070.001-Clear Windows event logs\ID104-1102-Event log cleared.evtx
2021-10-26 03:11:10.481 +09:00,FS03.offsec.lan,104,high,System log file was cleared,User: admmig,.\rules\hayabusa\alerts\System\104_IndicatorRemovalOnHost-ClearWindowsEventLogs_SystemLogCleared.yml,.\sample-evtx\EVTX-to-MITRE-Attack\TA0005-Defense Evasion\T1070.001-Clear Windows event logs\ID104-1102-Event log cleared.evtx
2021-10-26 03:11:10.481 +09:00,FS03.offsec.lan,104,high,System log file was cleared,User: admmig,.\rules\hayabusa\alerts\System\104_IndicatorRemovalOnHost-ClearWindowsEventLogs_SystemLogCleared.yml,.\sample-evtx\EVTX-to-MITRE-Attack\TA0005-Defense Evasion\T1070.001-Clear Windows event logs\ID104-1102-Event log cleared.evtx
2021-10-26 03:11:10.497 +09:00,FS03.offsec.lan,104,high,System log file was cleared,User: admmig,.\rules\hayabusa\alerts\System\104_IndicatorRemovalOnHost-ClearWindowsEventLogs_SystemLogCleared.yml,.\sample-evtx\EVTX-to-MITRE-Attack\TA0005-Defense Evasion\T1070.001-Clear Windows event logs\ID104-1102-Event log cleared.evtx
2021-10-26 03:11:10.528 +09:00,FS03.offsec.lan,104,high,System log file was cleared,User: admmig,.\rules\hayabusa\alerts\System\104_IndicatorRemovalOnHost-ClearWindowsEventLogs_SystemLogCleared.yml,.\sample-evtx\EVTX-to-MITRE-Attack\TA0005-Defense Evasion\T1070.001-Clear Windows event logs\ID104-1102-Event log cleared.evtx
2021-10-26 03:11:10.747 +09:00,FS03.offsec.lan,104,high,System log file was cleared,User: admmig,.\rules\hayabusa\alerts\System\104_IndicatorRemovalOnHost-ClearWindowsEventLogs_SystemLogCleared.yml,.\sample-evtx\EVTX-to-MITRE-Attack\TA0005-Defense Evasion\T1070.001-Clear Windows event logs\ID104-1102-Event log cleared.evtx
2021-10-26 03:11:10.763 +09:00,FS03.offsec.lan,104,high,System log file was cleared,User: admmig,.\rules\hayabusa\alerts\System\104_IndicatorRemovalOnHost-ClearWindowsEventLogs_SystemLogCleared.yml,.\sample-evtx\EVTX-to-MITRE-Attack\TA0005-Defense Evasion\T1070.001-Clear Windows event logs\ID104-1102-Event log cleared.evtx
2021-10-26 03:11:10.778 +09:00,FS03.offsec.lan,104,high,System log file was cleared,User: admmig,.\rules\hayabusa\alerts\System\104_IndicatorRemovalOnHost-ClearWindowsEventLogs_SystemLogCleared.yml,.\sample-evtx\EVTX-to-MITRE-Attack\TA0005-Defense Evasion\T1070.001-Clear Windows event logs\ID104-1102-Event log cleared.evtx
2021-10-26 03:11:10.794 +09:00,FS03.offsec.lan,104,high,System log file was cleared,User: admmig,.\rules\hayabusa\alerts\System\104_IndicatorRemovalOnHost-ClearWindowsEventLogs_SystemLogCleared.yml,.\sample-evtx\EVTX-to-MITRE-Attack\TA0005-Defense Evasion\T1070.001-Clear Windows event logs\ID104-1102-Event log cleared.evtx
2021-10-26 03:11:10.809 +09:00,FS03.offsec.lan,104,high,System log file was cleared,User: admmig,.\rules\hayabusa\alerts\System\104_IndicatorRemovalOnHost-ClearWindowsEventLogs_SystemLogCleared.yml,.\sample-evtx\EVTX-to-MITRE-Attack\TA0005-Defense Evasion\T1070.001-Clear Windows event logs\ID104-1102-Event log cleared.evtx
2021-10-26 03:11:10.856 +09:00,FS03.offsec.lan,104,high,System log file was cleared,User: admmig,.\rules\hayabusa\alerts\System\104_IndicatorRemovalOnHost-ClearWindowsEventLogs_SystemLogCleared.yml,.\sample-evtx\EVTX-to-MITRE-Attack\TA0005-Defense Evasion\T1070.001-Clear Windows event logs\ID104-1102-Event log cleared.evtx
2021-10-26 03:11:10.934 +09:00,FS03.offsec.lan,104,high,System log file was cleared,User: admmig,.\rules\hayabusa\alerts\System\104_IndicatorRemovalOnHost-ClearWindowsEventLogs_SystemLogCleared.yml,.\sample-evtx\EVTX-to-MITRE-Attack\TA0005-Defense Evasion\T1070.001-Clear Windows event logs\ID104-1102-Event log cleared.evtx
2021-10-26 03:11:10.997 +09:00,FS03.offsec.lan,104,high,System log file was cleared,User: admmig,.\rules\hayabusa\alerts\System\104_IndicatorRemovalOnHost-ClearWindowsEventLogs_SystemLogCleared.yml,.\sample-evtx\EVTX-to-MITRE-Attack\TA0005-Defense Evasion\T1070.001-Clear Windows event logs\ID104-1102-Event log cleared.evtx
2021-10-26 03:11:11.028 +09:00,FS03.offsec.lan,104,high,System log file was cleared,User: admmig,.\rules\hayabusa\alerts\System\104_IndicatorRemovalOnHost-ClearWindowsEventLogs_SystemLogCleared.yml,.\sample-evtx\EVTX-to-MITRE-Attack\TA0005-Defense Evasion\T1070.001-Clear Windows event logs\ID104-1102-Event log cleared.evtx
2021-10-26 03:11:11.091 +09:00,FS03.offsec.lan,104,high,System log file was cleared,User: admmig,.\rules\hayabusa\alerts\System\104_IndicatorRemovalOnHost-ClearWindowsEventLogs_SystemLogCleared.yml,.\sample-evtx\EVTX-to-MITRE-Attack\TA0005-Defense Evasion\T1070.001-Clear Windows event logs\ID104-1102-Event log cleared.evtx
2021-10-26 03:11:11.106 +09:00,FS03.offsec.lan,104,high,System log file was cleared,User: admmig,.\rules\hayabusa\alerts\System\104_IndicatorRemovalOnHost-ClearWindowsEventLogs_SystemLogCleared.yml,.\sample-evtx\EVTX-to-MITRE-Attack\TA0005-Defense Evasion\T1070.001-Clear Windows event logs\ID104-1102-Event log cleared.evtx
2021-10-26 03:11:11.184 +09:00,FS03.offsec.lan,104,high,System log file was cleared,User: admmig,.\rules\hayabusa\alerts\System\104_IndicatorRemovalOnHost-ClearWindowsEventLogs_SystemLogCleared.yml,.\sample-evtx\EVTX-to-MITRE-Attack\TA0005-Defense Evasion\T1070.001-Clear Windows event logs\ID104-1102-Event log cleared.evtx
2021-10-26 03:11:11.200 +09:00,FS03.offsec.lan,104,high,System log file was cleared,User: admmig,.\rules\hayabusa\alerts\System\104_IndicatorRemovalOnHost-ClearWindowsEventLogs_SystemLogCleared.yml,.\sample-evtx\EVTX-to-MITRE-Attack\TA0005-Defense Evasion\T1070.001-Clear Windows event logs\ID104-1102-Event log cleared.evtx
2021-10-26 03:11:11.216 +09:00,FS03.offsec.lan,104,high,System log file was cleared,User: admmig,.\rules\hayabusa\alerts\System\104_IndicatorRemovalOnHost-ClearWindowsEventLogs_SystemLogCleared.yml,.\sample-evtx\EVTX-to-MITRE-Attack\TA0005-Defense Evasion\T1070.001-Clear Windows event logs\ID104-1102-Event log cleared.evtx
2021-10-26 03:11:11.247 +09:00,FS03.offsec.lan,104,high,System log file was cleared,User: admmig,.\rules\hayabusa\alerts\System\104_IndicatorRemovalOnHost-ClearWindowsEventLogs_SystemLogCleared.yml,.\sample-evtx\EVTX-to-MITRE-Attack\TA0005-Defense Evasion\T1070.001-Clear Windows event logs\ID104-1102-Event log cleared.evtx
2021-10-26 03:11:11.341 +09:00,FS03.offsec.lan,104,high,System log file was cleared,User: admmig,.\rules\hayabusa\alerts\System\104_IndicatorRemovalOnHost-ClearWindowsEventLogs_SystemLogCleared.yml,.\sample-evtx\EVTX-to-MITRE-Attack\TA0005-Defense Evasion\T1070.001-Clear Windows event logs\ID104-1102-Event log cleared.evtx
2021-10-26 03:11:11.388 +09:00,FS03.offsec.lan,104,high,System log file was cleared,User: admmig,.\rules\hayabusa\alerts\System\104_IndicatorRemovalOnHost-ClearWindowsEventLogs_SystemLogCleared.yml,.\sample-evtx\EVTX-to-MITRE-Attack\TA0005-Defense Evasion\T1070.001-Clear Windows event logs\ID104-1102-Event log 
cleared.evtx
2021-10-26 03:11:11.403 +09:00,FS03.offsec.lan,104,high,System log file was cleared,User: admmig,.\rules\hayabusa\alerts\System\104_IndicatorRemovalOnHost-ClearWindowsEventLogs_SystemLogCleared.yml,.\sample-evtx\EVTX-to-MITRE-Attack\TA0005-Defense Evasion\T1070.001-Clear Windows event logs\ID104-1102-Event log cleared.evtx
2021-10-26 03:11:11.450 +09:00,FS03.offsec.lan,104,high,System log file was cleared,User: admmig,.\rules\hayabusa\alerts\System\104_IndicatorRemovalOnHost-ClearWindowsEventLogs_SystemLogCleared.yml,.\sample-evtx\EVTX-to-MITRE-Attack\TA0005-Defense Evasion\T1070.001-Clear Windows event logs\ID104-1102-Event log cleared.evtx
2021-10-26 03:11:11.559 +09:00,FS03.offsec.lan,104,high,System log file was cleared,User: admmig,.\rules\hayabusa\alerts\System\104_IndicatorRemovalOnHost-ClearWindowsEventLogs_SystemLogCleared.yml,.\sample-evtx\EVTX-to-MITRE-Attack\TA0005-Defense Evasion\T1070.001-Clear Windows event logs\ID104-1102-Event log cleared.evtx
2021-10-26 03:11:11.575 +09:00,FS03.offsec.lan,104,high,System log file was cleared,User: admmig,.\rules\hayabusa\alerts\System\104_IndicatorRemovalOnHost-ClearWindowsEventLogs_SystemLogCleared.yml,.\sample-evtx\EVTX-to-MITRE-Attack\TA0005-Defense Evasion\T1070.001-Clear Windows event logs\ID104-1102-Event log cleared.evtx
2021-10-26 03:11:11.622 +09:00,FS03.offsec.lan,104,high,System log file was cleared,User: admmig,.\rules\hayabusa\alerts\System\104_IndicatorRemovalOnHost-ClearWindowsEventLogs_SystemLogCleared.yml,.\sample-evtx\EVTX-to-MITRE-Attack\TA0005-Defense Evasion\T1070.001-Clear Windows event logs\ID104-1102-Event log cleared.evtx
2021-10-26 03:11:11.700 +09:00,FS03.offsec.lan,104,high,System log file was cleared,User: admmig,.\rules\hayabusa\alerts\System\104_IndicatorRemovalOnHost-ClearWindowsEventLogs_SystemLogCleared.yml,.\sample-evtx\EVTX-to-MITRE-Attack\TA0005-Defense Evasion\T1070.001-Clear Windows event logs\ID104-1102-Event log cleared.evtx
2021-10-26 03:11:11.747 +09:00,FS03.offsec.lan,104,high,System log file was cleared,User: admmig,.\rules\hayabusa\alerts\System\104_IndicatorRemovalOnHost-ClearWindowsEventLogs_SystemLogCleared.yml,.\sample-evtx\EVTX-to-MITRE-Attack\TA0005-Defense Evasion\T1070.001-Clear Windows event logs\ID104-1102-Event log cleared.evtx
2021-10-26 03:11:11.778 +09:00,FS03.offsec.lan,104,high,System log file was cleared,User: admmig,.\rules\hayabusa\alerts\System\104_IndicatorRemovalOnHost-ClearWindowsEventLogs_SystemLogCleared.yml,.\sample-evtx\EVTX-to-MITRE-Attack\TA0005-Defense Evasion\T1070.001-Clear Windows event logs\ID104-1102-Event log cleared.evtx
2021-10-26 03:11:11.825 +09:00,FS03.offsec.lan,104,high,System log file was cleared,User: admmig,.\rules\hayabusa\alerts\System\104_IndicatorRemovalOnHost-ClearWindowsEventLogs_SystemLogCleared.yml,.\sample-evtx\EVTX-to-MITRE-Attack\TA0005-Defense Evasion\T1070.001-Clear Windows event logs\ID104-1102-Event log cleared.evtx
2021-10-26 03:11:11.841 +09:00,FS03.offsec.lan,104,high,System log file was cleared,User: admmig,.\rules\hayabusa\alerts\System\104_IndicatorRemovalOnHost-ClearWindowsEventLogs_SystemLogCleared.yml,.\sample-evtx\EVTX-to-MITRE-Attack\TA0005-Defense Evasion\T1070.001-Clear Windows event logs\ID104-1102-Event log cleared.evtx
2021-10-26 03:11:11.856 +09:00,FS03.offsec.lan,104,high,System log file was cleared,User: admmig,.\rules\hayabusa\alerts\System\104_IndicatorRemovalOnHost-ClearWindowsEventLogs_SystemLogCleared.yml,.\sample-evtx\EVTX-to-MITRE-Attack\TA0005-Defense Evasion\T1070.001-Clear Windows event logs\ID104-1102-Event log cleared.evtx
2021-10-26 03:11:11.872 +09:00,FS03.offsec.lan,104,high,System log file was cleared,User: admmig,.\rules\hayabusa\alerts\System\104_IndicatorRemovalOnHost-ClearWindowsEventLogs_SystemLogCleared.yml,.\sample-evtx\EVTX-to-MITRE-Attack\TA0005-Defense Evasion\T1070.001-Clear Windows event logs\ID104-1102-Event log cleared.evtx
2021-10-26 03:11:11.888 +09:00,FS03.offsec.lan,104,high,System log file was cleared,User: admmig,.\rules\hayabusa\alerts\System\104_IndicatorRemovalOnHost-ClearWindowsEventLogs_SystemLogCleared.yml,.\sample-evtx\EVTX-to-MITRE-Attack\TA0005-Defense Evasion\T1070.001-Clear Windows event logs\ID104-1102-Event log cleared.evtx
2021-10-26 03:11:11.903 +09:00,FS03.offsec.lan,104,high,System log file was cleared,User: admmig,.\rules\hayabusa\alerts\System\104_IndicatorRemovalOnHost-ClearWindowsEventLogs_SystemLogCleared.yml,.\sample-evtx\EVTX-to-MITRE-Attack\TA0005-Defense Evasion\T1070.001-Clear Windows event logs\ID104-1102-Event log cleared.evtx
2021-10-26 03:11:11.997 +09:00,FS03.offsec.lan,104,high,System log file was cleared,User: admmig,.\rules\hayabusa\alerts\System\104_IndicatorRemovalOnHost-ClearWindowsEventLogs_SystemLogCleared.yml,.\sample-evtx\EVTX-to-MITRE-Attack\TA0005-Defense Evasion\T1070.001-Clear Windows event logs\ID104-1102-Event log cleared.evtx
2021-10-26 03:11:12.059 +09:00,FS03.offsec.lan,104,high,System log file was cleared,User: admmig,.\rules\hayabusa\alerts\System\104_IndicatorRemovalOnHost-ClearWindowsEventLogs_SystemLogCleared.yml,.\sample-evtx\EVTX-to-MITRE-Attack\TA0005-Defense Evasion\T1070.001-Clear Windows event logs\ID104-1102-Event log cleared.evtx
2021-10-26 03:11:12.075 +09:00,FS03.offsec.lan,104,high,System log file was cleared,User: admmig,.\rules\hayabusa\alerts\System\104_IndicatorRemovalOnHost-ClearWindowsEventLogs_SystemLogCleared.yml,.\sample-evtx\EVTX-to-MITRE-Attack\TA0005-Defense Evasion\T1070.001-Clear Windows event logs\ID104-1102-Event log cleared.evtx
2021-10-26 03:11:12.106 +09:00,FS03.offsec.lan,104,high,System log file was cleared,User: admmig,.\rules\hayabusa\alerts\System\104_IndicatorRemovalOnHost-ClearWindowsEventLogs_SystemLogCleared.yml,.\sample-evtx\EVTX-to-MITRE-Attack\TA0005-Defense Evasion\T1070.001-Clear Windows event logs\ID104-1102-Event log cleared.evtx
2021-10-26 03:11:12.153 +09:00,FS03.offsec.lan,104,high,System log file was cleared,User: admmig,.\rules\hayabusa\alerts\System\104_IndicatorRemovalOnHost-ClearWindowsEventLogs_SystemLogCleared.yml,.\sample-evtx\EVTX-to-MITRE-Attack\TA0005-Defense Evasion\T1070.001-Clear Windows event logs\ID104-1102-Event log cleared.evtx
2021-10-26 03:11:12.184 +09:00,FS03.offsec.lan,104,high,System log file was cleared,User: admmig,.\rules\hayabusa\alerts\System\104_IndicatorRemovalOnHost-ClearWindowsEventLogs_SystemLogCleared.yml,.\sample-evtx\EVTX-to-MITRE-Attack\TA0005-Defense Evasion\T1070.001-Clear Windows event logs\ID104-1102-Event log cleared.evtx
2021-10-26 03:11:12.247 +09:00,FS03.offsec.lan,104,high,System log file was cleared,User: admmig,.\rules\hayabusa\alerts\System\104_IndicatorRemovalOnHost-ClearWindowsEventLogs_SystemLogCleared.yml,.\sample-evtx\EVTX-to-MITRE-Attack\TA0005-Defense Evasion\T1070.001-Clear Windows event logs\ID104-1102-Event log cleared.evtx

Total Events Detected:97
Critical alerts 0
High alerts 1
Medium alerts 0
Low alerts 0
Info alerts 0
Undeifned alerts 0
Unique Events Detected: 1
Elapsed Time: 00:00:46.476

