[WARN] Failed to parse Rule file. (FilePath : rules\alert-rules\sigma\powershell_invoke_obfuscation_clip.yml)
[WARN] cannot parse regex. [regex:.*cmd.{0,5}(?:\/c|\/r).+clip(?:\.exe)?.{0,4}&&.+clipboard]::\(\s\\\"\{\d\}.+\-f.+\", key:detection -> selection -> Payload|re]

[WARN] Failed to parse Rule file. (FilePath : rules\alert-rules\sigma\powershell_invoke_obfuscation_clip_in_scriptblocktext.yml)
[WARN] cannot parse regex. [regex:.*cmd.{0,5}(?:\/c|\/r).+clip(?:\.exe)?.{0,4}&&.+clipboard]::\(\s\\\"\{\d\}.+\-f.+\", key:detection -> selection -> ScriptBlockText|re]

[WARN] Failed to parse Rule file. (FilePath : rules\alert-rules\sigma\powershell_invoke_obfuscation_stdin.yml)
[WARN] cannot parse regex. [regex:.*cmd.{0,5}(?:\/c|\/r).+powershell.+(?:\$\{?input\}?|noexit).+\", key:detection -> selection -> Payload|re]

[WARN] Failed to parse Rule file. (FilePath : rules\alert-rules\sigma\powershell_invoke_obfuscation_stdin_in_scriptblocktext.yml)
[WARN] cannot parse regex. [regex:.*cmd.{0,5}(?:\/c|\/r).+powershell.+(?:\$\{?input\}?|noexit).+\", key:detection -> selection -> ScriptBlockText|re]

[WARN] Failed to parse Rule file. (FilePath : rules\alert-rules\sigma\powershell_invoke_obfuscation_var.yml)
[WARN] cannot parse regex. [regex:.*cmd.{0,5}(?:\/c|\/r)(?:\s|)\"set\s[a-zA-Z]{3,6}.*(?:\{\d\}){1,}\\\"\s+?\-f(?:.*\)){1,}.*\", key:detection -> selection -> Payload|re]

[WARN] Failed to parse Rule file. (FilePath : rules\alert-rules\sigma\powershell_invoke_obfuscation_var_in_scriptblocktext.yml)
[WARN] cannot parse regex. [regex:.*cmd.{0,5}(?:\/c|\/r)(?:\s|)\"set\s[a-zA-Z]{3,6}.*(?:\{\d\}){1,}\\\"\s+?\-f(?:.*\)){1,}.*\", key:detection -> selection -> ScriptBlockText|re]

[WARN] Failed to parse Rule file. (FilePath : rules\alert-rules\sigma\powershell_invoke_obfuscation_via_rundll.yml)
[WARN] cannot parse regex. [regex:(?i).*rundll32(?:\.exe)?(?:\s+)?shell32\.dll.*shellexec_rundll.*powershell.*\", key:detection -> selection -> Payload|re]

[WARN] Failed to parse Rule file. (FilePath : rules\alert-rules\sigma\powershell_invoke_obfuscation_via_rundll_in_scriptblocktext.yml)
[WARN] cannot parse regex. [regex:(?i).*rundll32(?:\.exe)?(?:\s+)?shell32\.dll.*shellexec_rundll.*powershell.*\", key:detection -> selection -> ScriptBlockText|re]

[WARN] Failed to parse Rule file. (FilePath : rules\alert-rules\sigma\powershell_invoke_obfuscation_via_stdin.yml)
[WARN] cannot parse regex. [regex:(?i).*(set).*&&\s?set.*(environment|invoke|\${?input).*&&.*", key:detection -> selection -> Payload|re]

[WARN] Failed to parse Rule file. (FilePath : rules\alert-rules\sigma\powershell_invoke_obfuscation_via_stdin_in_scriptblocktext.yml)
[WARN] cannot parse regex. [regex:(?i).*(set).*&&\s?set.*(environment|invoke|\${?input).*&&.*", key:detection -> selection -> ScriptBlockText|re]

[WARN] Failed to parse Rule file. (FilePath : rules\alert-rules\sigma\powershell_invoke_obfuscation_via_var.yml)
[WARN] cannot parse regex. [regex:(?i).*&&set.*(\{\d\}){2,}\\\"\s+?\-f.*&&.*cmd.*\/c, key:detection -> selection -> Payload|re]

[WARN] Failed to parse Rule file. (FilePath : rules\alert-rules\sigma\powershell_invoke_obfuscation_via_var_in_scriptblocktext.yml)
[WARN] cannot parse regex. [regex:(?i).*&&set.*(\{\d\}){2,}\\\"\s+?\-f.*&&.*cmd.*\/c, key:detection -> selection -> ScriptBlockText|re]

[WARN] Failed to parse Rule file. (FilePath : rules\alert-rules\sigma\powershell_suspicious_download.yml)
[WARN] There are no selection node under detection.

[WARN] Failed to parse Rule file. (FilePath : rules\alert-rules\sigma\powershell_suspicious_invocation_generic.yml)
[WARN] There are no selection node under detection.

[WARN] Failed to parse Rule file. (FilePath : rules\alert-rules\sigma\powershell_suspicious_invocation_specific.yml)
[WARN] There are no selection node under detection.

[WARN] Failed to parse Rule file. (FilePath : rules\alert-rules\sigma\powershell_syncappvpublishingserver_exe.yml)
[WARN] There are no selection node under detection.

[WARN] Failed to parse Rule file. (FilePath : rules\alert-rules\sigma\process_creation_abusing_windows_telemetry_for_persistence.yml)
[WARN] cannot parse regex. [regex:(?i).*schtasks.*(-|\/)r.*\\\\Application Experience\\\\Microsoft Compatibility Appraiser.*, key:detection -> selection -> CommandLine|re]

[WARN] Failed to parse Rule file. (FilePath : rules\alert-rules\sigma\registry_event_cve_2021_31979_cve_2021_33771_exploits.yml)
[WARN] condition parse error has occured. An unusable character was found.

[WARN] Failed to parse Rule file. (FilePath : rules\alert-rules\sigma\sysmon_config_modification_status.yml)
[WARN] condition parse error has occured. unknown error. maybe it's because there are multiple name of selection node.

[WARN] Failed to parse Rule file. (FilePath : rules\alert-rules\sigma\win_alert_mimikatz_keywords.yml)
[WARN] There are no selection node under detection.

[WARN] Failed to parse Rule file. (FilePath : rules\alert-rules\sigma\win_av_relevant_match.yml)
[WARN] There are no selection node under detection.

[WARN] Failed to parse Rule file. (FilePath : rules\alert-rules\sigma\win_class_exec_xwizard.yml)
[WARN] cannot parse regex. [regex:{[a-fA-F0-9]{8}-[a-fA-F0-9]{4}-[a-fA-F0-9]{4}-[a-fA-F0-9]{4}-[a-fA-F0-9]{12}}, key:detection -> selection -> CommandLine|re]

[WARN] Failed to parse Rule file. (FilePath : rules\alert-rules\sigma\win_exchange_proxylogon_oabvirtualdir.yml)
[WARN] There are no selection node under detection.

[WARN] Failed to parse Rule file. (FilePath : rules\alert-rules\sigma\win_exchange_proxyshell_certificate_generation.yml)
[WARN] There are no selection node under detection.

[WARN] Failed to parse Rule file. (FilePath : rules\alert-rules\sigma\win_exchange_proxyshell_mailbox_export.yml)
[WARN] There are no selection node under detection.

[WARN] Failed to parse Rule file. (FilePath : rules\alert-rules\sigma\win_exchange_proxyshell_remove_mailbox_export.yml)
[WARN] There are no selection node under detection.

[WARN] Failed to parse Rule file. (FilePath : rules\alert-rules\sigma\win_exchange_transportagent.yml)
[WARN] There are no selection node under detection.

[WARN] Failed to parse Rule file. (FilePath : rules\alert-rules\sigma\win_exchange_transportagent_failed.yml)
[WARN] condition parse error has occured. An unusable character was found.

[WARN] Failed to parse Rule file. (FilePath : rules\alert-rules\sigma\win_exploit_cve_2021_1675_printspooler.yml)
[WARN] condition parse error has occured. An unusable character was found.

[WARN] Failed to parse Rule file. (FilePath : rules\alert-rules\sigma\win_exploit_cve_2021_1675_printspooler_operational.yml)
[WARN] condition parse error has occured. An unusable character was found.

[WARN] Failed to parse Rule file. (FilePath : rules\alert-rules\sigma\win_hybridconnectionmgr_svc_running.yml)
[WARN] condition parse error has occured. An unusable character was found.

[WARN] Failed to parse Rule file. (FilePath : rules\alert-rules\sigma\win_invoke_obfuscation_clip.yml)
[WARN] cannot parse regex. [regex:.*cmd.{0,5}(?:\/c|\/r).+clip(?:\.exe)?.{0,4}&&.+clipboard]::\(\s\\\"\{\d\}.+\-f.+\", key:detection -> selection -> CommandLine|re]

[WARN] Failed to parse Rule file. (FilePath : rules\alert-rules\sigma\win_invoke_obfuscation_clip_services.yml)
[WARN] cannot parse regex. [regex:.*cmd.{0,5}(?:\/c|\/r).+clip(?:\.exe)?.{0,4}&&.+clipboard]::\(\s\\\"\{\d\}.+\-f.+\", key:detection -> selection -> ImagePath|re]

[WARN] Failed to parse Rule file. (FilePath : rules\alert-rules\sigma\win_invoke_obfuscation_clip_services_security.yml)
[WARN] cannot parse regex. [regex:.*cmd.{0,5}(?:\/c|\/r).+clip(?:\.exe)?.{0,4}&&.+clipboard]::\(\s\\\"\{\d\}.+\-f.+\", key:detection -> selection -> ServiceFileName|re]

[WARN] Failed to parse Rule file. (FilePath : rules\alert-rules\sigma\win_invoke_obfuscation_stdin.yml)
[WARN] cannot parse regex. [regex:.*cmd.{0,5}(?:\/c|\/r).+powershell.+(?:\$\{?input\}?|noexit).+\", key:detection -> selection -> CommandLine|re]

[WARN] Failed to parse Rule file. (FilePath : rules\alert-rules\sigma\win_invoke_obfuscation_stdin_services.yml)
[WARN] cannot parse regex. [regex:.*cmd.{0,5}(?:\/c|\/r).+powershell.+(?:\$\{?input\}?|noexit).+\", key:detection -> selection -> ImagePath|re]

[WARN] Failed to parse Rule file. (FilePath : rules\alert-rules\sigma\win_invoke_obfuscation_stdin_services_security.yml)
[WARN] cannot parse regex. [regex:.*cmd.{0,5}(?:\/c|\/r).+powershell.+(?:\$\{?input\}?|noexit).+\", key:detection -> selection -> ServiceFileName|re]

[WARN] Failed to parse Rule file. (FilePath : rules\alert-rules\sigma\win_invoke_obfuscation_var.yml)
[WARN] cannot parse regex. [regex:.*cmd.{0,5}(?:\/c|\/r)(?:\s|)\"set\s[a-zA-Z]{3,6}.*(?:\{\d\}){1,}\\\"\s+?\-f(?:.*\)){1,}.*\", key:detection -> selection -> CommandLine|re]

[WARN] Failed to parse Rule file. (FilePath : rules\alert-rules\sigma\win_invoke_obfuscation_var_services.yml)
[WARN] cannot parse regex. [regex:.*cmd.{0,5}(?:\/c|\/r)(?:\s|)\"set\s[a-zA-Z]{3,6}.*(?:\{\d\}){1,}\\\"\s+?\-f(?:.*\)){1,}.*\", key:detection -> selection -> ImagePath|re]

[WARN] Failed to parse Rule file. (FilePath : rules\alert-rules\sigma\win_invoke_obfuscation_var_services_security.yml)
[WARN] cannot parse regex. [regex:.*cmd.{0,5}(?:\/c|\/r)(?:\s|)\"set\s[a-zA-Z]{3,6}.*(?:\{\d\}){1,}\\\"\s+?\-f(?:.*\)){1,}.*\", key:detection -> selection -> ServiceFileName|re]

[WARN] Failed to parse Rule file. (FilePath : rules\alert-rules\sigma\win_invoke_obfuscation_via_rundll.yml)
[WARN] cannot parse regex. [regex:(?i).*rundll32(?:\.exe)?(?:\s+)?shell32\.dll.*shellexec_rundll.*powershell.*\", key:detection -> selection -> CommandLine|re]

[WARN] Failed to parse Rule file. (FilePath : rules\alert-rules\sigma\win_invoke_obfuscation_via_rundll_services.yml)
[WARN] cannot parse regex. [regex:(?i).*rundll32(?:\.exe)?(?:\s+)?shell32\.dll.*shellexec_rundll.*powershell.*\", key:detection -> selection -> ImagePath|re]

[WARN] Failed to parse Rule file. (FilePath : rules\alert-rules\sigma\win_invoke_obfuscation_via_rundll_services_security.yml)
[WARN] cannot parse regex. [regex:(?i).*rundll32(?:\.exe)?(?:\s+)?shell32\.dll.*shellexec_rundll.*powershell.*\", key:detection -> selection -> ServiceFileName|re]

[WARN] Failed to parse Rule file. (FilePath : rules\alert-rules\sigma\win_invoke_obfuscation_via_stdin.yml)
[WARN] cannot parse regex. [regex:(?i).*(set).*&&\s?set.*(environment|invoke|\${?input).*&&.*", key:detection -> selection -> CommandLine|re]

[WARN] Failed to parse Rule file. (FilePath : rules\alert-rules\sigma\win_invoke_obfuscation_via_stdin_services.yml)
[WARN] cannot parse regex. [regex:(?i).*(set).*&&\s?set.*(environment|invoke|\${?input).*&&.*", key:detection -> selection -> ImagePath|re]

[WARN] Failed to parse Rule file. (FilePath : rules\alert-rules\sigma\win_invoke_obfuscation_via_stdin_services_security.yml)
[WARN] cannot parse regex. [regex:(?i).*(set).*&&\s?set.*(environment|invoke|\${?input).*&&.*", key:detection -> selection -> ServiceFileName|re]

[WARN] Failed to parse Rule file. (FilePath : rules\alert-rules\sigma\win_invoke_obfuscation_via_var.yml)
[WARN] cannot parse regex. [regex:(?i).*&&set.*(\{\d\}){2,}\\\"\s+?\-f.*&&.*cmd.*\/c, key:detection -> selection -> CommandLine|re]

[WARN] Failed to parse Rule file. (FilePath : rules\alert-rules\sigma\win_invoke_obfuscation_via_var_services.yml)
[WARN] cannot parse regex. [regex:(?i).*&&set.*(\{\d\}){2,}\\\"\s+?\-f.*&&.*cmd.*\/c, key:detection -> selection -> ImagePath|re]

[WARN] Failed to parse Rule file. (FilePath : rules\alert-rules\sigma\win_invoke_obfuscation_via_var_services_security.yml)
[WARN] cannot parse regex. [regex:(?i).*&&set.*(\{\d\}){2,}\\\"\s+?\-f.*&&.*cmd.*\/c, key:detection -> selection -> ServiceFileName|re]

[WARN] Failed to parse Rule file. (FilePath : rules\alert-rules\sigma\win_lolbas_execution_of_wuauclt.yml)
[WARN] cannot parse regex. [regex:(?i)wuauclt\.exe.*\/UpdateDeploymentProvider.*\/Runhandlercomserver, key:detection -> selection -> CommandLine|re]

[WARN] Failed to parse Rule file. (FilePath : rules\alert-rules\sigma\win_malware_notpetya.yml)
[WARN] condition parse error has occured. An unusable character was found.

[WARN] Failed to parse Rule file. (FilePath : rules\alert-rules\sigma\win_monitoring_for_persistence_via_bits.yml)
[WARN] cannot parse regex. [regex:(?i).*bitsadmin.*\/SetNotifyCmdLine.*(%COMSPEC%|cmd.exe|regsvr32.exe).*, key:detection -> selection -> CommandLine|re]
[WARN] cannot parse regex. [regex:(?i).*bitsadmin.*\/Addfile.*(http|https|ftp|ftps):.*, key:detection -> selection -> CommandLine|re]

[WARN] Failed to parse Rule file. (FilePath : rules\alert-rules\sigma\win_possible_zerologon_exploitation_using_wellknown_tools.yml)
[WARN] condition parse error has occured. kali is not defined.

[WARN] Failed to parse Rule file. (FilePath : rules\alert-rules\sigma\win_powershell_cmdline_special_characters.yml)
[WARN] cannot parse regex. [regex:.*{.*{.*{.*{.*{.*, key:detection -> selection -> CommandLine|re]

[WARN] Failed to parse Rule file. (FilePath : rules\alert-rules\sigma\win_set_oabvirtualdirectory_externalurl.yml)
[WARN] There are no selection node under detection.

[WARN] Failed to parse Rule file. (FilePath : rules\alert-rules\sigma\win_susp_msmpeng_crash.yml)
[WARN] condition parse error has occured. An unusable character was found.

[WARN] Failed to parse Rule file. (FilePath : rules\alert-rules\sigma\win_susp_sam_dump.yml)
[WARN] condition parse error has occured. An unusable character was found.

[WARN] Failed to parse Rule file. (FilePath : rules\alert-rules\sigma\win_system_defender_disabled.yml)
[WARN] condition parse error has occured. unknown error. maybe it's because there are multiple name of selection node.

[WARN] Failed to parse Rule file. (FilePath : rules\alert-rules\sigma\win_vul_cve_2020_0688.yml)
[WARN] condition parse error has occured. An unusable character was found.

[WARN] Failed to parse Rule file. (FilePath : rules\alert-rules\sigma\win_wmi_persistence.yml)
[WARN] condition parse error has occured. ActiveScriptEventConsumer is not defined.


Time,Computername,Eventid,Level,Alert,Details,Rulepath,Filepath
2019-02-14 00:15:04.175 +09:00,PC02.example.corp,4624,informational,Logon Type 0 - System,Bootup,rules\timeline-rules\Logons\4624-Logon-Type-0-System.yml,.\sample-evtx\EVTX-ATTACK-SAMPLES\Command and Control\DE_RDP_Tunneling_4624.evtx
2019-02-14 00:15:08.689 +09:00,PC02.example.corp,4624,informational,Logon Type 5 - Service,User: sshd_server  :  Workstation: PC02  :  IP Address: -  :  Port: -  :  LogonID: 0xe509,rules\timeline-rules\Logons\4624-Logon-Type-5-Service.yml,.\sample-evtx\EVTX-ATTACK-SAMPLES\Command and Control\DE_RDP_Tunneling_4624.evtx
2019-02-14 00:19:51.259 +09:00,PC02.example.corp,4624,high,,User: IEUser TargetDomainName: PC02 ProcessID: 0x198 ProcessName: C:\Windows\System32\winlogon.exe,rules\alert-rules\hayabusa\Security\4624.yml,.\sample-evtx\EVTX-ATTACK-SAMPLES\Command and Control\DE_RDP_Tunneling_4624.evtx
2019-02-14 00:19:51.259 +09:00,PC02.example.corp,4624,informational,Logon Type 2 - Interactive,User: IEUser  :  Workstation: PC02  :  IP Address: 127.0.0.1  :  Port: 0  :  LogonID: 0x21f73  :  (Warning: Credentials are stored in memory.),rules\timeline-rules\Logons\4624-Logon-Type-2-Interactive.yml,.\sample-evtx\EVTX-ATTACK-SAMPLES\Command and Control\DE_RDP_Tunneling_4624.evtx
2019-02-14 00:26:53.356 +09:00,PC02.example.corp,4624,high,,User: IEUser TargetDomainName: PC02 ProcessID: 0x658 ProcessName: C:\Windows\System32\winlogon.exe,rules\alert-rules\hayabusa\Security\4624.yml,.\sample-evtx\EVTX-ATTACK-SAMPLES\Command and Control\DE_RDP_Tunneling_4624.evtx
2019-02-14 00:26:53.356 +09:00,PC02.example.corp,4624,high,RDP Login from Localhost,,rules\alert-rules\sigma\win_rdp_localhost_login.yml,.\sample-evtx\EVTX-ATTACK-SAMPLES\Command and Control\DE_RDP_Tunneling_4624.evtx
2019-02-14 00:26:53.356 +09:00,PC02.example.corp,4624,informational,Logon Type 10 - RDP (Remote Interactive),User: IEUser  :  Workstation: PC02  :  IP Address: 127.0.0.1  :  Port: 49164  :  LogonID: 0x45120  :  (Warning: Credentials are stored in memory.),rules\timeline-rules\Logons\4624-Logon-Type-10-RemoteInteractive.yml,.\sample-evtx\EVTX-ATTACK-SAMPLES\Command and Control\DE_RDP_Tunneling_4624.evtx
2019-02-14 00:29:40.657 +09:00,PC02.example.corp,4624,high,,User: IEUser TargetDomainName: PC02 ProcessID: 0x994 ProcessName: C:\Windows\System32\winlogon.exe,rules\alert-rules\hayabusa\Security\4624.yml,.\sample-evtx\EVTX-ATTACK-SAMPLES\Command and Control\DE_RDP_Tunneling_4624.evtx
2019-02-14 00:29:40.657 +09:00,PC02.example.corp,4624,informational,Logon Type 2 - Interactive,User: IEUser  :  Workstation: PC02  :  IP Address: 127.0.0.1  :  Port: 0  :  LogonID: 0x4a26d  :  (Warning: Credentials are stored in memory.),rules\timeline-rules\Logons\4624-Logon-Type-2-Interactive.yml,.\sample-evtx\EVTX-ATTACK-SAMPLES\Command and Control\DE_RDP_Tunneling_4624.evtx
2019-02-14 00:31:19.529 +09:00,PC02.example.corp,4624,informational,Logon Type 3 - Network,User: ANONYMOUS LOGON  :  Workstation: PC01  :  IP Address: 10.0.2.17  :  Port: 49168  :  LogonID: 0x73d02,rules\timeline-rules\Logons\4624-Logon-Type-3-Network.yml,.\sample-evtx\EVTX-ATTACK-SAMPLES\Command and Control\DE_RDP_Tunneling_4624.evtx
2019-02-14 00:31:31.556 +09:00,PC02.example.corp,4624,informational,Logon Type 3 - Network,User: ANONYMOUS LOGON  :  Workstation: PC01  :  IP Address: 10.0.2.17  :  Port: 49169  :  LogonID: 0x7d4f4,rules\timeline-rules\Logons\4624-Logon-Type-3-Network.yml,.\sample-evtx\EVTX-ATTACK-SAMPLES\Command and Control\DE_RDP_Tunneling_4624.evtx

Events Detected:11
Elapsed Time: 00:00:04.023

